<?xml version="1.0" encoding="UTF-8"?>
<testsuites name="TS_ValidateSearchField__002" time="132.0" tests="5" failures="0" errors="0">
   <testsuite name="TS_ValidateSearchField__002" tests="5" failures="0" errors="0" time="132.0" skipped="0" timestamp="31-01-2024T11:11:49" hostname="TIRUM - Tiru43" id="Test Suites/TS_Amazon/TS_ValidateSearchField__002">
      <properties>
         <property name="deviceName" value=""/>
         <property name="devicePlatform" value=""/>
         <property name="logFolder" value="C:\\Users\\TIRUM\\git\\SI-GuidedProject-705242-1704854759\\Reports\\20240131_111141\\TS_Amazon\\TS_ValidateSearchField__002\\20240131_111141"/>
         <property name="logFiles" value="C:\\Users\\TIRUM\\git\\SI-GuidedProject-705242-1704854759\\Reports\\20240131_111141\\TS_Amazon\\TS_ValidateSearchField__002\\20240131_111141\\execution0.log"/>
         <property name="attachments" value=""/>
         <property name="hostName" value="TIRUM - Tiru43"/>
         <property name="os" value="Windows 11 64bit"/>
         <property name="katalonVersion" value="9.1.0.212"/>
         <property name="browser" value="Chrome 121.0.0.0"/>
         <property name="hostAddress" value="10.10.67.139"/>
         <property name="sessionId" value="705fb58059cb08650ec25223b4a047f0"/>
         <property name="seleniumVersion" value="3.141.59"/>
         <property name="proxyInformation" value="ProxyInformation { proxyOption=NO_PROXY, proxyServerType=HTTP, username=, password=********, proxyServerAddress=, proxyServerPort=0, executionList=&quot;&quot;, isApplyToDesiredCapabilities=true }"/>
         <property name="platform" value="Windows 11"/>
      </properties>
      <testcase name="Test Cases/DataDrivenTesting/SearchField_TC_002" time="26.758" classname="Test Cases/DataDrivenTesting/SearchField_TC_002" status="PASSED">
         <system-out><![CDATA[31-01-2024T11:11:49 - [TEST_CASE][PASSED] - Test Cases/DataDrivenTesting/SearchField_TC_002: Test Cases/DataDrivenTesting/SearchField_TC_002

31-01-2024T11:11:50 - [TEST_STEP][PASSED] - openBrowser(""): Browser is opened with url: ''

31-01-2024T11:11:50 - [MESSAGE][INFO] - Starting 'Chrome' driver

31-01-2024T11:11:50 - [MESSAGE][INFO] - Action delay is set to 0 milliseconds

31-01-2024T11:11:53 - [MESSAGE][PASSED] - Browser is opened with url: ''

31-01-2024T11:11:53 - [TEST_STEP][PASSED] - navigateToUrl("https://www.amazon.com/"): Navigate to 'https://www.amazon.com/' successfully

31-01-2024T11:11:59 - [MESSAGE][PASSED] - Navigate to 'https://www.amazon.com/' successfully

31-01-2024T11:11:59 - [TEST_STEP][PASSED] - refresh(): Refresh successfully

31-01-2024T11:12:01 - [MESSAGE][PASSED] - Refresh successfully

31-01-2024T11:12:01 - [TEST_STEP][PASSED] - waitForPageLoad(20): Wait for page load successfully

31-01-2024T11:12:02 - [MESSAGE][PASSED] - Wait for page load successfully

31-01-2024T11:12:02 - [TEST_STEP][PASSED] - selectOptionByLabel(findTestObject("SearchField/Validate_SearchField/SearchField_OR_002/All_Departments"), category, true): All options with label 'Automotive' are selected in object 'Object Repository/SearchField/Validate_SearchField/SearchField_OR_002/All_Departments'  using regular expression

31-01-2024T11:12:06 - [MESSAGE][PASSED] - All options with label 'Automotive' are selected in object 'Object Repository/SearchField/Validate_SearchField/SearchField_OR_002/All_Departments'  using regular expression

31-01-2024T11:12:06 - [TEST_STEP][PASSED] - setText(findTestObject("SearchField/Validate_SearchField/SearchField_OR_002/Search_txt_field"), item): Text 'Paint & Paint Supplies' is set on object 'Object Repository/SearchField/Validate_SearchField/SearchField_OR_002/Search_txt_field'

31-01-2024T11:12:07 - [MESSAGE][PASSED] - Text 'Paint & Paint Supplies' is set on object 'Object Repository/SearchField/Validate_SearchField/SearchField_OR_002/Search_txt_field'

31-01-2024T11:12:07 - [TEST_STEP][PASSED] - click(findTestObject("SearchField/Validate_SearchField/SearchField_OR_002/iSearch_btn")): Object: 'Object Repository/SearchField/Validate_SearchField/SearchField_OR_002/iSearch_btn' is clicked on

31-01-2024T11:12:16 - [MESSAGE][PASSED] - Object: 'Object Repository/SearchField/Validate_SearchField/SearchField_OR_002/iSearch_btn' is clicked on]]></system-out>
         <system-err><![CDATA[]]></system-err>
      </testcase>
      <testcase name="Test Cases/DataDrivenTesting/SearchField_TC_002" time="35.234" classname="Test Cases/DataDrivenTesting/SearchField_TC_002" status="PASSED">
         <system-out><![CDATA[31-01-2024T11:12:16 - [TEST_CASE][PASSED] - Test Cases/DataDrivenTesting/SearchField_TC_002: Test Cases/DataDrivenTesting/SearchField_TC_002

31-01-2024T11:12:16 - [TEST_STEP][PASSED] - openBrowser(""): Browser is opened with url: ''

31-01-2024T11:12:16 - [MESSAGE][WARNING] - A browser is already opened. Closing browser and opening a new one

31-01-2024T11:12:17 - [MESSAGE][INFO] - Starting 'Chrome' driver

31-01-2024T11:12:17 - [MESSAGE][INFO] - Action delay is set to 0 milliseconds

31-01-2024T11:12:19 - [MESSAGE][PASSED] - Browser is opened with url: ''

31-01-2024T11:12:19 - [TEST_STEP][PASSED] - navigateToUrl("https://www.amazon.com/"): Navigate to 'https://www.amazon.com/' successfully

31-01-2024T11:12:21 - [MESSAGE][PASSED] - Navigate to 'https://www.amazon.com/' successfully

31-01-2024T11:12:21 - [TEST_STEP][PASSED] - refresh(): Refresh successfully

31-01-2024T11:12:22 - [MESSAGE][PASSED] - Refresh successfully

31-01-2024T11:12:22 - [TEST_STEP][PASSED] - waitForPageLoad(20): Wait for page load successfully

31-01-2024T11:12:22 - [MESSAGE][PASSED] - Wait for page load successfully

31-01-2024T11:12:22 - [TEST_STEP][PASSED] - selectOptionByLabel(findTestObject("SearchField/Validate_SearchField/SearchField_OR_002/All_Departments"), category, true): All options with label 'Books' are selected in object 'Object Repository/SearchField/Validate_SearchField/SearchField_OR_002/All_Departments'  using regular expression

31-01-2024T11:12:42 - [MESSAGE][PASSED] - All options with label 'Books' are selected in object 'Object Repository/SearchField/Validate_SearchField/SearchField_OR_002/All_Departments'  using regular expression

31-01-2024T11:12:42 - [TEST_STEP][PASSED] - setText(findTestObject("SearchField/Validate_SearchField/SearchField_OR_002/Search_txt_field"), item): Text 'Da Vinci code' is set on object 'Object Repository/SearchField/Validate_SearchField/SearchField_OR_002/Search_txt_field'

31-01-2024T11:12:44 - [MESSAGE][PASSED] - Text 'Da Vinci code' is set on object 'Object Repository/SearchField/Validate_SearchField/SearchField_OR_002/Search_txt_field'

31-01-2024T11:12:44 - [TEST_STEP][PASSED] - click(findTestObject("SearchField/Validate_SearchField/SearchField_OR_002/iSearch_btn")): Object: 'Object Repository/SearchField/Validate_SearchField/SearchField_OR_002/iSearch_btn' is clicked on

31-01-2024T11:12:51 - [MESSAGE][PASSED] - Object: 'Object Repository/SearchField/Validate_SearchField/SearchField_OR_002/iSearch_btn' is clicked on]]></system-out>
         <system-err><![CDATA[]]></system-err>
      </testcase>
      <testcase name="Test Cases/DataDrivenTesting/SearchField_TC_002" time="20.275" classname="Test Cases/DataDrivenTesting/SearchField_TC_002" status="PASSED">
         <system-out><![CDATA[31-01-2024T11:12:51 - [TEST_CASE][PASSED] - Test Cases/DataDrivenTesting/SearchField_TC_002: Test Cases/DataDrivenTesting/SearchField_TC_002

31-01-2024T11:12:51 - [TEST_STEP][PASSED] - openBrowser(""): Browser is opened with url: ''

31-01-2024T11:12:51 - [MESSAGE][WARNING] - A browser is already opened. Closing browser and opening a new one

31-01-2024T11:12:52 - [MESSAGE][INFO] - Starting 'Chrome' driver

31-01-2024T11:12:52 - [MESSAGE][INFO] - Action delay is set to 0 milliseconds

31-01-2024T11:12:54 - [MESSAGE][PASSED] - Browser is opened with url: ''

31-01-2024T11:12:54 - [TEST_STEP][PASSED] - navigateToUrl("https://www.amazon.com/"): Navigate to 'https://www.amazon.com/' successfully

31-01-2024T11:12:59 - [MESSAGE][PASSED] - Navigate to 'https://www.amazon.com/' successfully

31-01-2024T11:12:59 - [TEST_STEP][PASSED] - refresh(): Refresh successfully

31-01-2024T11:13:02 - [MESSAGE][PASSED] - Refresh successfully

31-01-2024T11:13:02 - [TEST_STEP][PASSED] - waitForPageLoad(20): Wait for page load successfully

31-01-2024T11:13:02 - [MESSAGE][PASSED] - Wait for page load successfully

31-01-2024T11:13:02 - [TEST_STEP][PASSED] - selectOptionByLabel(findTestObject("SearchField/Validate_SearchField/SearchField_OR_002/All_Departments"), category, true): All options with label 'Computers' are selected in object 'Object Repository/SearchField/Validate_SearchField/SearchField_OR_002/All_Departments'  using regular expression

31-01-2024T11:13:05 - [MESSAGE][PASSED] - All options with label 'Computers' are selected in object 'Object Repository/SearchField/Validate_SearchField/SearchField_OR_002/All_Departments'  using regular expression

31-01-2024T11:13:05 - [TEST_STEP][PASSED] - setText(findTestObject("SearchField/Validate_SearchField/SearchField_OR_002/Search_txt_field"), item): Text 'Monitors' is set on object 'Object Repository/SearchField/Validate_SearchField/SearchField_OR_002/Search_txt_field'

31-01-2024T11:13:07 - [MESSAGE][PASSED] - Text 'Monitors' is set on object 'Object Repository/SearchField/Validate_SearchField/SearchField_OR_002/Search_txt_field'

31-01-2024T11:13:07 - [TEST_STEP][PASSED] - click(findTestObject("SearchField/Validate_SearchField/SearchField_OR_002/iSearch_btn")): Object: 'Object Repository/SearchField/Validate_SearchField/SearchField_OR_002/iSearch_btn' is clicked on

31-01-2024T11:13:12 - [MESSAGE][PASSED] - Object: 'Object Repository/SearchField/Validate_SearchField/SearchField_OR_002/iSearch_btn' is clicked on]]></system-out>
         <system-err><![CDATA[]]></system-err>
      </testcase>
      <testcase name="Test Cases/DataDrivenTesting/SearchField_TC_002" time="24.144" classname="Test Cases/DataDrivenTesting/SearchField_TC_002" status="PASSED">
         <system-out><![CDATA[31-01-2024T11:13:12 - [TEST_CASE][PASSED] - Test Cases/DataDrivenTesting/SearchField_TC_002: Test Cases/DataDrivenTesting/SearchField_TC_002

31-01-2024T11:13:12 - [TEST_STEP][PASSED] - openBrowser(""): Browser is opened with url: ''

31-01-2024T11:13:12 - [MESSAGE][WARNING] - A browser is already opened. Closing browser and opening a new one

31-01-2024T11:13:12 - [MESSAGE][INFO] - Starting 'Chrome' driver

31-01-2024T11:13:12 - [MESSAGE][INFO] - Action delay is set to 0 milliseconds

31-01-2024T11:13:14 - [MESSAGE][PASSED] - Browser is opened with url: ''

31-01-2024T11:13:14 - [TEST_STEP][PASSED] - navigateToUrl("https://www.amazon.com/"): Navigate to 'https://www.amazon.com/' successfully

31-01-2024T11:13:19 - [MESSAGE][PASSED] - Navigate to 'https://www.amazon.com/' successfully

31-01-2024T11:13:19 - [TEST_STEP][PASSED] - refresh(): Refresh successfully

31-01-2024T11:13:20 - [MESSAGE][PASSED] - Refresh successfully

31-01-2024T11:13:20 - [TEST_STEP][PASSED] - waitForPageLoad(20): Wait for page load successfully

31-01-2024T11:13:20 - [MESSAGE][PASSED] - Wait for page load successfully

31-01-2024T11:13:20 - [TEST_STEP][PASSED] - selectOptionByLabel(findTestObject("SearchField/Validate_SearchField/SearchField_OR_002/All_Departments"), category, true): All options with label 'Digital Music' are selected in object 'Object Repository/SearchField/Validate_SearchField/SearchField_OR_002/All_Departments'  using regular expression

31-01-2024T11:13:29 - [MESSAGE][PASSED] - All options with label 'Digital Music' are selected in object 'Object Repository/SearchField/Validate_SearchField/SearchField_OR_002/All_Departments'  using regular expression

31-01-2024T11:13:29 - [TEST_STEP][PASSED] - setText(findTestObject("SearchField/Validate_SearchField/SearchField_OR_002/Search_txt_field"), item): Text 'Classical' is set on object 'Object Repository/SearchField/Validate_SearchField/SearchField_OR_002/Search_txt_field'

31-01-2024T11:13:30 - [MESSAGE][PASSED] - Text 'Classical' is set on object 'Object Repository/SearchField/Validate_SearchField/SearchField_OR_002/Search_txt_field'

31-01-2024T11:13:30 - [TEST_STEP][PASSED] - click(findTestObject("SearchField/Validate_SearchField/SearchField_OR_002/iSearch_btn")): Object: 'Object Repository/SearchField/Validate_SearchField/SearchField_OR_002/iSearch_btn' is clicked on

31-01-2024T11:13:36 - [MESSAGE][PASSED] - Object: 'Object Repository/SearchField/Validate_SearchField/SearchField_OR_002/iSearch_btn' is clicked on]]></system-out>
         <system-err><![CDATA[]]></system-err>
      </testcase>
      <testcase name="Test Cases/DataDrivenTesting/SearchField_TC_002" time="25.083" classname="Test Cases/DataDrivenTesting/SearchField_TC_002" status="PASSED">
         <system-out><![CDATA[31-01-2024T11:13:36 - [TEST_CASE][PASSED] - Test Cases/DataDrivenTesting/SearchField_TC_002: Test Cases/DataDrivenTesting/SearchField_TC_002

31-01-2024T11:13:36 - [TEST_STEP][PASSED] - openBrowser(""): Browser is opened with url: ''

31-01-2024T11:13:36 - [MESSAGE][WARNING] - A browser is already opened. Closing browser and opening a new one

31-01-2024T11:13:36 - [MESSAGE][INFO] - Starting 'Chrome' driver

31-01-2024T11:13:36 - [MESSAGE][INFO] - Action delay is set to 0 milliseconds

31-01-2024T11:13:38 - [MESSAGE][PASSED] - Browser is opened with url: ''

31-01-2024T11:13:38 - [TEST_STEP][PASSED] - navigateToUrl("https://www.amazon.com/"): Navigate to 'https://www.amazon.com/' successfully

31-01-2024T11:13:42 - [MESSAGE][PASSED] - Navigate to 'https://www.amazon.com/' successfully

31-01-2024T11:13:42 - [TEST_STEP][PASSED] - refresh(): Refresh successfully

31-01-2024T11:13:45 - [MESSAGE][PASSED] - Refresh successfully

31-01-2024T11:13:45 - [TEST_STEP][PASSED] - waitForPageLoad(20): Wait for page load successfully

31-01-2024T11:13:45 - [MESSAGE][PASSED] - Wait for page load successfully

31-01-2024T11:13:45 - [TEST_STEP][PASSED] - selectOptionByLabel(findTestObject("SearchField/Validate_SearchField/SearchField_OR_002/All_Departments"), category, true): All options with label 'Home & Kitchen' are selected in object 'Object Repository/SearchField/Validate_SearchField/SearchField_OR_002/All_Departments'  using regular expression

31-01-2024T11:13:49 - [MESSAGE][PASSED] - All options with label 'Home & Kitchen' are selected in object 'Object Repository/SearchField/Validate_SearchField/SearchField_OR_002/All_Departments'  using regular expression

31-01-2024T11:13:49 - [TEST_STEP][PASSED] - setText(findTestObject("SearchField/Validate_SearchField/SearchField_OR_002/Search_txt_field"), item): Text ' Furniture' is set on object 'Object Repository/SearchField/Validate_SearchField/SearchField_OR_002/Search_txt_field'

31-01-2024T11:13:50 - [MESSAGE][PASSED] - Text ' Furniture' is set on object 'Object Repository/SearchField/Validate_SearchField/SearchField_OR_002/Search_txt_field'

31-01-2024T11:13:50 - [TEST_STEP][PASSED] - click(findTestObject("SearchField/Validate_SearchField/SearchField_OR_002/iSearch_btn")): Object: 'Object Repository/SearchField/Validate_SearchField/SearchField_OR_002/iSearch_btn' is clicked on

31-01-2024T11:14:01 - [MESSAGE][PASSED] - Object: 'Object Repository/SearchField/Validate_SearchField/SearchField_OR_002/iSearch_btn' is clicked on]]></system-out>
         <system-err><![CDATA[]]></system-err>
      </testcase>
      <system-out><![CDATA[31-01-2024T11:11:49 - [TEST_SUITE][PASSED] - TS_ValidateSearchField__002: Test Cases/DataDrivenTesting/SearchField_TC_002]]></system-out>
      <system-err><![CDATA[]]></system-err>
   </testsuite>
</testsuites>
