<?xml version="1.0" encoding="UTF-8"?>
<testsuites name="TL_TS_SearchField_Validation" time="171.701" tests="5" failures="0" errors="0">
   <testsuite name="TL_TS_SearchField_Validation" tests="5" failures="0" errors="0" time="171.701" skipped="0" timestamp="31-01-2024T18:37:25" hostname="TIRUM - Tiru43" id="Test Suites/Amazon_Login_TS/TL_TS_SearchField_Validation">
      <properties>
         <property name="deviceName" value=""/>
         <property name="devicePlatform" value=""/>
         <property name="logFolder" value="C:\\Users\\TIRUM\\git\\SI-GuidedProject-705242-1704854759\\Reports\\20240131_183719\\Amazon_Login_TS\\TL_TS_SearchField_Validation\\20240131_183719"/>
         <property name="logFiles" value="C:\\Users\\TIRUM\\git\\SI-GuidedProject-705242-1704854759\\Reports\\20240131_183719\\Amazon_Login_TS\\TL_TS_SearchField_Validation\\20240131_183719\\execution0.log"/>
         <property name="attachments" value=""/>
         <property name="hostName" value="TIRUM - Tiru43"/>
         <property name="os" value="Windows 11 64bit"/>
         <property name="katalonVersion" value="9.1.0.212"/>
         <property name="browser" value="Chrome 121.0.0.0"/>
         <property name="hostAddress" value="192.168.0.104"/>
         <property name="sessionId" value="39e4afc0f9ed72e75dc5a485d442fbb3"/>
         <property name="seleniumVersion" value="3.141.59"/>
         <property name="proxyInformation" value="ProxyInformation { proxyOption=NO_PROXY, proxyServerType=HTTP, username=, password=********, proxyServerAddress=, proxyServerPort=0, executionList=&quot;&quot;, isApplyToDesiredCapabilities=true }"/>
         <property name="platform" value="Windows 11"/>
      </properties>
      <testcase name="Test Cases/TestListener/Amazon_ ValidateSearchFieldItem _TListener" time="35.724" classname="Test Cases/TestListener/Amazon_ ValidateSearchFieldItem _TListener" status="PASSED">
         <system-out><![CDATA[31-01-2024T18:37:25 - [TEST_CASE][PASSED] - Test Cases/TestListener/Amazon_ ValidateSearchFieldItem _TListener: Test Cases/TestListener/Amazon_ ValidateSearchFieldItem _TListener

31-01-2024T18:37:25 - [TEST_STEP][PASSED] - Start listener action : sampleBeforeTestCase: Browser is opened with url: 'www.amazon.com'

31-01-2024T18:37:25 - [TEST_STEP][PASSED] - openBrowser("www.amazon.com"): Browser is opened with url: 'www.amazon.com'

31-01-2024T18:37:26 - [MESSAGE][INFO] - Starting 'Chrome' driver

31-01-2024T18:37:26 - [MESSAGE][INFO] - Action delay is set to 0 milliseconds

31-01-2024T18:37:29 - [MESSAGE][PASSED] - Browser is opened with url: 'www.amazon.com'

31-01-2024T18:37:29 - [TEST_STEP][PASSED] - refresh(): Refresh successfully

31-01-2024T18:37:29 - [MESSAGE][PASSED] - Refresh successfully

31-01-2024T18:37:29 - [TEST_STEP][PASSED] - delay(10): Delayed 10 second(s)

31-01-2024T18:37:39 - [MESSAGE][PASSED] - Delayed 10 second(s)

31-01-2024T18:37:39 - [TEST_STEP][PASSED] - selectOptionByLabel(findTestObject("SearchField/Validate_SearchField/SearchField_OR_002/All_Departments"), category, true): All options with label 'Automotive' are selected in object 'Object Repository/SearchField/Validate_SearchField/SearchField_OR_002/All_Departments'  using regular expression

31-01-2024T18:37:42 - [MESSAGE][PASSED] - All options with label 'Automotive' are selected in object 'Object Repository/SearchField/Validate_SearchField/SearchField_OR_002/All_Departments'  using regular expression

31-01-2024T18:37:42 - [TEST_STEP][PASSED] - delay(10): Delayed 10 second(s)

31-01-2024T18:37:52 - [MESSAGE][PASSED] - Delayed 10 second(s)

31-01-2024T18:37:52 - [TEST_STEP][PASSED] - setText(findTestObject("SearchField/Validate_SearchField/SearchField_OR_002/Search_txt_field"), item): Text 'Paint & Paint Supplies' is set on object 'Object Repository/SearchField/Validate_SearchField/SearchField_OR_002/Search_txt_field'

31-01-2024T18:37:53 - [MESSAGE][PASSED] - Text 'Paint & Paint Supplies' is set on object 'Object Repository/SearchField/Validate_SearchField/SearchField_OR_002/Search_txt_field'

31-01-2024T18:37:53 - [TEST_STEP][PASSED] - click(findTestObject("SearchField/Validate_SearchField/SearchField_OR_002/iSearch_btn")): Object: 'Object Repository/SearchField/Validate_SearchField/SearchField_OR_002/iSearch_btn' is clicked on

31-01-2024T18:38:00 - [MESSAGE][PASSED] - Object: 'Object Repository/SearchField/Validate_SearchField/SearchField_OR_002/iSearch_btn' is clicked on

31-01-2024T18:38:00 - [TEST_STEP][PASSED] - Start listener action : sampleAfterTestCase: Browser is closed

31-01-2024T18:38:00 - [TEST_STEP][PASSED] - closeBrowser(): Browser is closed

31-01-2024T18:38:01 - [MESSAGE][PASSED] - Browser is closed]]></system-out>
         <system-err><![CDATA[]]></system-err>
      </testcase>
      <testcase name="Test Cases/TestListener/Amazon_ ValidateSearchFieldItem _TListener" time="35.715" classname="Test Cases/TestListener/Amazon_ ValidateSearchFieldItem _TListener" status="PASSED">
         <system-out><![CDATA[31-01-2024T18:38:01 - [TEST_CASE][PASSED] - Test Cases/TestListener/Amazon_ ValidateSearchFieldItem _TListener: Test Cases/TestListener/Amazon_ ValidateSearchFieldItem _TListener

31-01-2024T18:38:01 - [TEST_STEP][PASSED] - Start listener action : sampleBeforeTestCase: Browser is opened with url: 'www.amazon.com'

31-01-2024T18:38:01 - [TEST_STEP][PASSED] - openBrowser("www.amazon.com"): Browser is opened with url: 'www.amazon.com'

31-01-2024T18:38:01 - [MESSAGE][INFO] - Starting 'Chrome' driver

31-01-2024T18:38:01 - [MESSAGE][INFO] - Action delay is set to 0 milliseconds

31-01-2024T18:38:03 - [MESSAGE][PASSED] - Browser is opened with url: 'www.amazon.com'

31-01-2024T18:38:03 - [TEST_STEP][PASSED] - refresh(): Refresh successfully

31-01-2024T18:38:04 - [MESSAGE][PASSED] - Refresh successfully

31-01-2024T18:38:04 - [TEST_STEP][PASSED] - delay(10): Delayed 10 second(s)

31-01-2024T18:38:14 - [MESSAGE][PASSED] - Delayed 10 second(s)

31-01-2024T18:38:14 - [TEST_STEP][PASSED] - selectOptionByLabel(findTestObject("SearchField/Validate_SearchField/SearchField_OR_002/All_Departments"), category, true): All options with label 'Books' are selected in object 'Object Repository/SearchField/Validate_SearchField/SearchField_OR_002/All_Departments'  using regular expression

31-01-2024T18:38:21 - [MESSAGE][PASSED] - All options with label 'Books' are selected in object 'Object Repository/SearchField/Validate_SearchField/SearchField_OR_002/All_Departments'  using regular expression

31-01-2024T18:38:21 - [TEST_STEP][PASSED] - delay(10): Delayed 10 second(s)

31-01-2024T18:38:31 - [MESSAGE][PASSED] - Delayed 10 second(s)

31-01-2024T18:38:31 - [TEST_STEP][PASSED] - setText(findTestObject("SearchField/Validate_SearchField/SearchField_OR_002/Search_txt_field"), item): Text 'Da Vinci code' is set on object 'Object Repository/SearchField/Validate_SearchField/SearchField_OR_002/Search_txt_field'

31-01-2024T18:38:32 - [MESSAGE][PASSED] - Text 'Da Vinci code' is set on object 'Object Repository/SearchField/Validate_SearchField/SearchField_OR_002/Search_txt_field'

31-01-2024T18:38:32 - [TEST_STEP][PASSED] - click(findTestObject("SearchField/Validate_SearchField/SearchField_OR_002/iSearch_btn")): Object: 'Object Repository/SearchField/Validate_SearchField/SearchField_OR_002/iSearch_btn' is clicked on

31-01-2024T18:38:36 - [MESSAGE][PASSED] - Object: 'Object Repository/SearchField/Validate_SearchField/SearchField_OR_002/iSearch_btn' is clicked on

31-01-2024T18:38:36 - [TEST_STEP][PASSED] - Start listener action : sampleAfterTestCase: Browser is closed

31-01-2024T18:38:36 - [TEST_STEP][PASSED] - closeBrowser(): Browser is closed

31-01-2024T18:38:37 - [MESSAGE][PASSED] - Browser is closed]]></system-out>
         <system-err><![CDATA[]]></system-err>
      </testcase>
      <testcase name="Test Cases/TestListener/Amazon_ ValidateSearchFieldItem _TListener" time="32.306" classname="Test Cases/TestListener/Amazon_ ValidateSearchFieldItem _TListener" status="PASSED">
         <system-out><![CDATA[31-01-2024T18:38:37 - [TEST_CASE][PASSED] - Test Cases/TestListener/Amazon_ ValidateSearchFieldItem _TListener: Test Cases/TestListener/Amazon_ ValidateSearchFieldItem _TListener

31-01-2024T18:38:37 - [TEST_STEP][PASSED] - Start listener action : sampleBeforeTestCase: Browser is opened with url: 'www.amazon.com'

31-01-2024T18:38:37 - [TEST_STEP][PASSED] - openBrowser("www.amazon.com"): Browser is opened with url: 'www.amazon.com'

31-01-2024T18:38:37 - [MESSAGE][INFO] - Starting 'Chrome' driver

31-01-2024T18:38:37 - [MESSAGE][INFO] - Action delay is set to 0 milliseconds

31-01-2024T18:38:39 - [MESSAGE][PASSED] - Browser is opened with url: 'www.amazon.com'

31-01-2024T18:38:39 - [TEST_STEP][PASSED] - refresh(): Refresh successfully

31-01-2024T18:38:39 - [MESSAGE][PASSED] - Refresh successfully

31-01-2024T18:38:39 - [TEST_STEP][PASSED] - delay(10): Delayed 10 second(s)

31-01-2024T18:38:50 - [MESSAGE][PASSED] - Delayed 10 second(s)

31-01-2024T18:38:50 - [TEST_STEP][PASSED] - selectOptionByLabel(findTestObject("SearchField/Validate_SearchField/SearchField_OR_002/All_Departments"), category, true): All options with label 'Computers' are selected in object 'Object Repository/SearchField/Validate_SearchField/SearchField_OR_002/All_Departments'  using regular expression

31-01-2024T18:38:52 - [MESSAGE][PASSED] - All options with label 'Computers' are selected in object 'Object Repository/SearchField/Validate_SearchField/SearchField_OR_002/All_Departments'  using regular expression

31-01-2024T18:38:52 - [TEST_STEP][PASSED] - delay(10): Delayed 10 second(s)

31-01-2024T18:39:02 - [MESSAGE][PASSED] - Delayed 10 second(s)

31-01-2024T18:39:02 - [TEST_STEP][PASSED] - setText(findTestObject("SearchField/Validate_SearchField/SearchField_OR_002/Search_txt_field"), item): Text 'Monitors' is set on object 'Object Repository/SearchField/Validate_SearchField/SearchField_OR_002/Search_txt_field'

31-01-2024T18:39:03 - [MESSAGE][PASSED] - Text 'Monitors' is set on object 'Object Repository/SearchField/Validate_SearchField/SearchField_OR_002/Search_txt_field'

31-01-2024T18:39:03 - [TEST_STEP][PASSED] - click(findTestObject("SearchField/Validate_SearchField/SearchField_OR_002/iSearch_btn")): Object: 'Object Repository/SearchField/Validate_SearchField/SearchField_OR_002/iSearch_btn' is clicked on

31-01-2024T18:39:09 - [MESSAGE][PASSED] - Object: 'Object Repository/SearchField/Validate_SearchField/SearchField_OR_002/iSearch_btn' is clicked on

31-01-2024T18:39:09 - [TEST_STEP][PASSED] - Start listener action : sampleAfterTestCase: Browser is closed

31-01-2024T18:39:09 - [TEST_STEP][PASSED] - closeBrowser(): Browser is closed

31-01-2024T18:39:09 - [MESSAGE][PASSED] - Browser is closed]]></system-out>
         <system-err><![CDATA[]]></system-err>
      </testcase>
      <testcase name="Test Cases/TestListener/Amazon_ ValidateSearchFieldItem _TListener" time="31.632" classname="Test Cases/TestListener/Amazon_ ValidateSearchFieldItem _TListener" status="PASSED">
         <system-out><![CDATA[31-01-2024T18:39:09 - [TEST_CASE][PASSED] - Test Cases/TestListener/Amazon_ ValidateSearchFieldItem _TListener: Test Cases/TestListener/Amazon_ ValidateSearchFieldItem _TListener

31-01-2024T18:39:09 - [TEST_STEP][PASSED] - Start listener action : sampleBeforeTestCase: Browser is opened with url: 'www.amazon.com'

31-01-2024T18:39:09 - [TEST_STEP][PASSED] - openBrowser("www.amazon.com"): Browser is opened with url: 'www.amazon.com'

31-01-2024T18:39:09 - [MESSAGE][INFO] - Starting 'Chrome' driver

31-01-2024T18:39:09 - [MESSAGE][INFO] - Action delay is set to 0 milliseconds

31-01-2024T18:39:11 - [MESSAGE][PASSED] - Browser is opened with url: 'www.amazon.com'

31-01-2024T18:39:11 - [TEST_STEP][PASSED] - refresh(): Refresh successfully

31-01-2024T18:39:12 - [MESSAGE][PASSED] - Refresh successfully

31-01-2024T18:39:12 - [TEST_STEP][PASSED] - delay(10): Delayed 10 second(s)

31-01-2024T18:39:22 - [MESSAGE][PASSED] - Delayed 10 second(s)

31-01-2024T18:39:22 - [TEST_STEP][PASSED] - selectOptionByLabel(findTestObject("SearchField/Validate_SearchField/SearchField_OR_002/All_Departments"), category, true): All options with label 'Digital Music' are selected in object 'Object Repository/SearchField/Validate_SearchField/SearchField_OR_002/All_Departments'  using regular expression

31-01-2024T18:39:23 - [MESSAGE][PASSED] - All options with label 'Digital Music' are selected in object 'Object Repository/SearchField/Validate_SearchField/SearchField_OR_002/All_Departments'  using regular expression

31-01-2024T18:39:23 - [TEST_STEP][PASSED] - delay(10): Delayed 10 second(s)

31-01-2024T18:39:33 - [MESSAGE][PASSED] - Delayed 10 second(s)

31-01-2024T18:39:33 - [TEST_STEP][PASSED] - setText(findTestObject("SearchField/Validate_SearchField/SearchField_OR_002/Search_txt_field"), item): Text 'Classical' is set on object 'Object Repository/SearchField/Validate_SearchField/SearchField_OR_002/Search_txt_field'

31-01-2024T18:39:34 - [MESSAGE][PASSED] - Text 'Classical' is set on object 'Object Repository/SearchField/Validate_SearchField/SearchField_OR_002/Search_txt_field'

31-01-2024T18:39:34 - [TEST_STEP][PASSED] - click(findTestObject("SearchField/Validate_SearchField/SearchField_OR_002/iSearch_btn")): Object: 'Object Repository/SearchField/Validate_SearchField/SearchField_OR_002/iSearch_btn' is clicked on

31-01-2024T18:39:40 - [MESSAGE][PASSED] - Object: 'Object Repository/SearchField/Validate_SearchField/SearchField_OR_002/iSearch_btn' is clicked on

31-01-2024T18:39:40 - [TEST_STEP][PASSED] - Start listener action : sampleAfterTestCase: Browser is closed

31-01-2024T18:39:40 - [TEST_STEP][PASSED] - closeBrowser(): Browser is closed

31-01-2024T18:39:41 - [MESSAGE][PASSED] - Browser is closed]]></system-out>
         <system-err><![CDATA[]]></system-err>
      </testcase>
      <testcase name="Test Cases/TestListener/Amazon_ ValidateSearchFieldItem _TListener" time="35.971" classname="Test Cases/TestListener/Amazon_ ValidateSearchFieldItem _TListener" status="PASSED">
         <system-out><![CDATA[31-01-2024T18:39:41 - [TEST_CASE][PASSED] - Test Cases/TestListener/Amazon_ ValidateSearchFieldItem _TListener: Test Cases/TestListener/Amazon_ ValidateSearchFieldItem _TListener

31-01-2024T18:39:41 - [TEST_STEP][PASSED] - Start listener action : sampleBeforeTestCase: Browser is opened with url: 'www.amazon.com'

31-01-2024T18:39:41 - [TEST_STEP][PASSED] - openBrowser("www.amazon.com"): Browser is opened with url: 'www.amazon.com'

31-01-2024T18:39:41 - [MESSAGE][INFO] - Starting 'Chrome' driver

31-01-2024T18:39:41 - [MESSAGE][INFO] - Action delay is set to 0 milliseconds

31-01-2024T18:39:43 - [MESSAGE][PASSED] - Browser is opened with url: 'www.amazon.com'

31-01-2024T18:39:43 - [TEST_STEP][PASSED] - refresh(): Refresh successfully

31-01-2024T18:39:44 - [MESSAGE][PASSED] - Refresh successfully

31-01-2024T18:39:44 - [TEST_STEP][PASSED] - delay(10): Delayed 10 second(s)

31-01-2024T18:39:54 - [MESSAGE][PASSED] - Delayed 10 second(s)

31-01-2024T18:39:54 - [TEST_STEP][PASSED] - selectOptionByLabel(findTestObject("SearchField/Validate_SearchField/SearchField_OR_002/All_Departments"), category, true): All options with label 'Home & Kitchen' are selected in object 'Object Repository/SearchField/Validate_SearchField/SearchField_OR_002/All_Departments'  using regular expression

31-01-2024T18:39:59 - [MESSAGE][PASSED] - All options with label 'Home & Kitchen' are selected in object 'Object Repository/SearchField/Validate_SearchField/SearchField_OR_002/All_Departments'  using regular expression

31-01-2024T18:39:59 - [TEST_STEP][PASSED] - delay(10): Delayed 10 second(s)

31-01-2024T18:40:09 - [MESSAGE][PASSED] - Delayed 10 second(s)

31-01-2024T18:40:09 - [TEST_STEP][PASSED] - setText(findTestObject("SearchField/Validate_SearchField/SearchField_OR_002/Search_txt_field"), item): Text ' Furniture' is set on object 'Object Repository/SearchField/Validate_SearchField/SearchField_OR_002/Search_txt_field'

31-01-2024T18:40:10 - [MESSAGE][PASSED] - Text ' Furniture' is set on object 'Object Repository/SearchField/Validate_SearchField/SearchField_OR_002/Search_txt_field'

31-01-2024T18:40:10 - [TEST_STEP][PASSED] - click(findTestObject("SearchField/Validate_SearchField/SearchField_OR_002/iSearch_btn")): Object: 'Object Repository/SearchField/Validate_SearchField/SearchField_OR_002/iSearch_btn' is clicked on

31-01-2024T18:40:16 - [MESSAGE][PASSED] - Object: 'Object Repository/SearchField/Validate_SearchField/SearchField_OR_002/iSearch_btn' is clicked on

31-01-2024T18:40:16 - [TEST_STEP][PASSED] - Start listener action : sampleAfterTestCase: Browser is closed

31-01-2024T18:40:16 - [TEST_STEP][PASSED] - closeBrowser(): Browser is closed

31-01-2024T18:40:17 - [MESSAGE][PASSED] - Browser is closed]]></system-out>
         <system-err><![CDATA[]]></system-err>
      </testcase>
      <system-out><![CDATA[31-01-2024T18:37:25 - [TEST_SUITE][PASSED] - TL_TS_SearchField_Validation: Test Cases/TestListener/Amazon_ ValidateSearchFieldItem _TListener]]></system-out>
      <system-err><![CDATA[]]></system-err>
   </testsuite>
</testsuites>
