<?xml version="1.0" encoding="UTF-8"?>
<testsuites name="TS_ValidateSearchField__002" time="141.907" tests="6" failures="0" errors="0">
   <testsuite name="TS_ValidateSearchField__002" tests="6" failures="0" errors="0" time="141.907" skipped="0" timestamp="30-01-2024T15:12:52" hostname="TIRUM - Tiru43" id="Test Suites/TS_Amazon_login_001/TS_ValidateSearchField__002">
      <properties>
         <property name="deviceName" value=""/>
         <property name="devicePlatform" value=""/>
         <property name="logFolder" value="C:\\Users\\TIRUM\\git\\SI-GuidedProject-705242-1704854759\\Reports\\20240130_151246\\TS_Amazon_login_001\\TS_ValidateSearchField__002\\20240130_151246"/>
         <property name="logFiles" value="C:\\Users\\TIRUM\\git\\SI-GuidedProject-705242-1704854759\\Reports\\20240130_151246\\TS_Amazon_login_001\\TS_ValidateSearchField__002\\20240130_151246\\execution0.log"/>
         <property name="attachments" value=""/>
         <property name="hostName" value="TIRUM - Tiru43"/>
         <property name="os" value="Windows 11 64bit"/>
         <property name="katalonVersion" value="9.1.0.212"/>
         <property name="browser" value="Chrome 120.0.0.0"/>
         <property name="hostAddress" value="192.168.0.101"/>
         <property name="sessionId" value="86125b8e4d3368e84e5e1344552794dc"/>
         <property name="seleniumVersion" value="3.141.59"/>
         <property name="proxyInformation" value="ProxyInformation { proxyOption=NO_PROXY, proxyServerType=HTTP, username=, password=********, proxyServerAddress=, proxyServerPort=0, executionList=&quot;&quot;, isApplyToDesiredCapabilities=true }"/>
         <property name="platform" value="Windows 11"/>
      </properties>
      <testcase name="Test Cases/DataDrivenTesting/Validate_searchfield_TC_002" time="30.99" classname="Test Cases/DataDrivenTesting/Validate_searchfield_TC_002" status="PASSED">
         <system-out><![CDATA[30-01-2024T15:12:52 - [TEST_CASE][PASSED] - Test Cases/DataDrivenTesting/Validate_searchfield_TC_002: Test Cases/DataDrivenTesting/Validate_searchfield_TC_002

30-01-2024T15:12:52 - [TEST_STEP][PASSED] - openBrowser(""): Browser is opened with url: ''

30-01-2024T15:12:53 - [MESSAGE][INFO] - Starting 'Chrome' driver

30-01-2024T15:12:53 - [MESSAGE][INFO] - Action delay is set to 0 milliseconds

30-01-2024T15:12:57 - [MESSAGE][PASSED] - Browser is opened with url: ''

30-01-2024T15:12:57 - [TEST_STEP][PASSED] - navigateToUrl("https://www.amazon.com/"): Navigate to 'https://www.amazon.com/' successfully

30-01-2024T15:12:59 - [MESSAGE][PASSED] - Navigate to 'https://www.amazon.com/' successfully

30-01-2024T15:12:59 - [TEST_STEP][PASSED] - delay(3): Delayed 3 second(s)

30-01-2024T15:13:02 - [MESSAGE][PASSED] - Delayed 3 second(s)

30-01-2024T15:13:02 - [TEST_STEP][PASSED] - selectOptionByLabel(findTestObject("Object Repository/SearchField/Page_Amazon.com. Spend less. Smile more/select_All Departments"), category, false): All options with label 'Arts & Crafts' are selected in object 'Object Repository/SearchField/Page_Amazon.com. Spend less. Smile more/select_All Departments' 

30-01-2024T15:13:13 - [MESSAGE][PASSED] - All options with label 'Arts & Crafts' are selected in object 'Object Repository/SearchField/Page_Amazon.com. Spend less. Smile more/select_All Departments' 

30-01-2024T15:13:13 - [TEST_STEP][PASSED] - setText(findTestObject("Object Repository/SearchField/Page_Amazon.com. Spend less. Smile more/input_field-keywords"), items): Text 'Gift Wrapping Supplies' is set on object 'Object Repository/SearchField/Page_Amazon.com. Spend less. Smile more/input_field-keywords'

30-01-2024T15:13:14 - [MESSAGE][PASSED] - Text 'Gift Wrapping Supplies' is set on object 'Object Repository/SearchField/Page_Amazon.com. Spend less. Smile more/input_field-keywords'

30-01-2024T15:13:14 - [TEST_STEP][PASSED] - click(findTestObject("Object Repository/SearchField/Page_Amazon.com. Spend less. Smile more/inputnav-search-submit-button")): Object: 'Object Repository/SearchField/Page_Amazon.com. Spend less. Smile more/inputnav-search-submit-button' is clicked on

30-01-2024T15:13:22 - [MESSAGE][PASSED] - Object: 'Object Repository/SearchField/Page_Amazon.com. Spend less. Smile more/inputnav-search-submit-button' is clicked on

30-01-2024T15:13:22 - [TEST_STEP][PASSED] - closeBrowser(): Browser is closed

30-01-2024T15:13:23 - [MESSAGE][PASSED] - Browser is closed]]></system-out>
         <system-err><![CDATA[]]></system-err>
      </testcase>
      <testcase name="Test Cases/DataDrivenTesting/Validate_searchfield_TC_002" time="20.823" classname="Test Cases/DataDrivenTesting/Validate_searchfield_TC_002" status="PASSED">
         <system-out><![CDATA[30-01-2024T15:13:23 - [TEST_CASE][PASSED] - Test Cases/DataDrivenTesting/Validate_searchfield_TC_002: Test Cases/DataDrivenTesting/Validate_searchfield_TC_002

30-01-2024T15:13:23 - [TEST_STEP][PASSED] - openBrowser(""): Browser is opened with url: ''

30-01-2024T15:13:23 - [MESSAGE][INFO] - Starting 'Chrome' driver

30-01-2024T15:13:23 - [MESSAGE][INFO] - Action delay is set to 0 milliseconds

30-01-2024T15:13:25 - [MESSAGE][PASSED] - Browser is opened with url: ''

30-01-2024T15:13:25 - [TEST_STEP][PASSED] - navigateToUrl("https://www.amazon.com/"): Navigate to 'https://www.amazon.com/' successfully

30-01-2024T15:13:26 - [MESSAGE][PASSED] - Navigate to 'https://www.amazon.com/' successfully

30-01-2024T15:13:26 - [TEST_STEP][PASSED] - delay(3): Delayed 3 second(s)

30-01-2024T15:13:29 - [MESSAGE][PASSED] - Delayed 3 second(s)

30-01-2024T15:13:29 - [TEST_STEP][PASSED] - selectOptionByLabel(findTestObject("Object Repository/SearchField/Page_Amazon.com. Spend less. Smile more/select_All Departments"), category, false): All options with label 'Automotive' are selected in object 'Object Repository/SearchField/Page_Amazon.com. Spend less. Smile more/select_All Departments' 

30-01-2024T15:13:35 - [MESSAGE][PASSED] - All options with label 'Automotive' are selected in object 'Object Repository/SearchField/Page_Amazon.com. Spend less. Smile more/select_All Departments' 

30-01-2024T15:13:35 - [TEST_STEP][PASSED] - setText(findTestObject("Object Repository/SearchField/Page_Amazon.com. Spend less. Smile more/input_field-keywords"), items): Text 'Tires & Wheels' is set on object 'Object Repository/SearchField/Page_Amazon.com. Spend less. Smile more/input_field-keywords'

30-01-2024T15:13:36 - [MESSAGE][PASSED] - Text 'Tires & Wheels' is set on object 'Object Repository/SearchField/Page_Amazon.com. Spend less. Smile more/input_field-keywords'

30-01-2024T15:13:36 - [TEST_STEP][PASSED] - click(findTestObject("Object Repository/SearchField/Page_Amazon.com. Spend less. Smile more/inputnav-search-submit-button")): Object: 'Object Repository/SearchField/Page_Amazon.com. Spend less. Smile more/inputnav-search-submit-button' is clicked on

30-01-2024T15:13:43 - [MESSAGE][PASSED] - Object: 'Object Repository/SearchField/Page_Amazon.com. Spend less. Smile more/inputnav-search-submit-button' is clicked on

30-01-2024T15:13:43 - [TEST_STEP][PASSED] - closeBrowser(): Browser is closed

30-01-2024T15:13:44 - [MESSAGE][PASSED] - Browser is closed]]></system-out>
         <system-err><![CDATA[]]></system-err>
      </testcase>
      <testcase name="Test Cases/DataDrivenTesting/Validate_searchfield_TC_002" time="25.815" classname="Test Cases/DataDrivenTesting/Validate_searchfield_TC_002" status="PASSED">
         <system-out><![CDATA[30-01-2024T15:13:44 - [TEST_CASE][PASSED] - Test Cases/DataDrivenTesting/Validate_searchfield_TC_002: Test Cases/DataDrivenTesting/Validate_searchfield_TC_002

30-01-2024T15:13:44 - [TEST_STEP][PASSED] - openBrowser(""): Browser is opened with url: ''

30-01-2024T15:13:44 - [MESSAGE][INFO] - Starting 'Chrome' driver

30-01-2024T15:13:44 - [MESSAGE][INFO] - Action delay is set to 0 milliseconds

30-01-2024T15:13:45 - [MESSAGE][PASSED] - Browser is opened with url: ''

30-01-2024T15:13:45 - [TEST_STEP][PASSED] - navigateToUrl("https://www.amazon.com/"): Navigate to 'https://www.amazon.com/' successfully

30-01-2024T15:13:47 - [MESSAGE][PASSED] - Navigate to 'https://www.amazon.com/' successfully

30-01-2024T15:13:47 - [TEST_STEP][PASSED] - delay(3): Delayed 3 second(s)

30-01-2024T15:13:50 - [MESSAGE][PASSED] - Delayed 3 second(s)

30-01-2024T15:13:50 - [TEST_STEP][PASSED] - selectOptionByLabel(findTestObject("Object Repository/SearchField/Page_Amazon.com. Spend less. Smile more/select_All Departments"), category, false): All options with label 'Baby' are selected in object 'Object Repository/SearchField/Page_Amazon.com. Spend less. Smile more/select_All Departments' 

30-01-2024T15:13:54 - [MESSAGE][PASSED] - All options with label 'Baby' are selected in object 'Object Repository/SearchField/Page_Amazon.com. Spend less. Smile more/select_All Departments' 

30-01-2024T15:13:54 - [TEST_STEP][PASSED] - setText(findTestObject("Object Repository/SearchField/Page_Amazon.com. Spend less. Smile more/input_field-keywords"), items): Text 'Diapering' is set on object 'Object Repository/SearchField/Page_Amazon.com. Spend less. Smile more/input_field-keywords'

30-01-2024T15:13:55 - [MESSAGE][PASSED] - Text 'Diapering' is set on object 'Object Repository/SearchField/Page_Amazon.com. Spend less. Smile more/input_field-keywords'

30-01-2024T15:13:55 - [TEST_STEP][PASSED] - click(findTestObject("Object Repository/SearchField/Page_Amazon.com. Spend less. Smile more/inputnav-search-submit-button")): Object: 'Object Repository/SearchField/Page_Amazon.com. Spend less. Smile more/inputnav-search-submit-button' is clicked on

30-01-2024T15:14:09 - [MESSAGE][PASSED] - Object: 'Object Repository/SearchField/Page_Amazon.com. Spend less. Smile more/inputnav-search-submit-button' is clicked on

30-01-2024T15:14:09 - [TEST_STEP][PASSED] - closeBrowser(): Browser is closed

30-01-2024T15:14:10 - [MESSAGE][PASSED] - Browser is closed]]></system-out>
         <system-err><![CDATA[]]></system-err>
      </testcase>
      <testcase name="Test Cases/DataDrivenTesting/Validate_searchfield_TC_002" time="20.898" classname="Test Cases/DataDrivenTesting/Validate_searchfield_TC_002" status="PASSED">
         <system-out><![CDATA[30-01-2024T15:14:10 - [TEST_CASE][PASSED] - Test Cases/DataDrivenTesting/Validate_searchfield_TC_002: Test Cases/DataDrivenTesting/Validate_searchfield_TC_002

30-01-2024T15:14:10 - [TEST_STEP][PASSED] - openBrowser(""): Browser is opened with url: ''

30-01-2024T15:14:10 - [MESSAGE][INFO] - Starting 'Chrome' driver

30-01-2024T15:14:10 - [MESSAGE][INFO] - Action delay is set to 0 milliseconds

30-01-2024T15:14:11 - [MESSAGE][PASSED] - Browser is opened with url: ''

30-01-2024T15:14:11 - [TEST_STEP][PASSED] - navigateToUrl("https://www.amazon.com/"): Navigate to 'https://www.amazon.com/' successfully

30-01-2024T15:14:13 - [MESSAGE][PASSED] - Navigate to 'https://www.amazon.com/' successfully

30-01-2024T15:14:13 - [TEST_STEP][PASSED] - delay(3): Delayed 3 second(s)

30-01-2024T15:14:16 - [MESSAGE][PASSED] - Delayed 3 second(s)

30-01-2024T15:14:16 - [TEST_STEP][PASSED] - selectOptionByLabel(findTestObject("Object Repository/SearchField/Page_Amazon.com. Spend less. Smile more/select_All Departments"), category, false): All options with label 'Beauty & Personal Care' are selected in object 'Object Repository/SearchField/Page_Amazon.com. Spend less. Smile more/select_All Departments' 

30-01-2024T15:14:22 - [MESSAGE][PASSED] - All options with label 'Beauty & Personal Care' are selected in object 'Object Repository/SearchField/Page_Amazon.com. Spend less. Smile more/select_All Departments' 

30-01-2024T15:14:22 - [TEST_STEP][PASSED] - setText(findTestObject("Object Repository/SearchField/Page_Amazon.com. Spend less. Smile more/input_field-keywords"), items): Text 'Makeup' is set on object 'Object Repository/SearchField/Page_Amazon.com. Spend less. Smile more/input_field-keywords'

30-01-2024T15:14:23 - [MESSAGE][PASSED] - Text 'Makeup' is set on object 'Object Repository/SearchField/Page_Amazon.com. Spend less. Smile more/input_field-keywords'

30-01-2024T15:14:23 - [TEST_STEP][PASSED] - click(findTestObject("Object Repository/SearchField/Page_Amazon.com. Spend less. Smile more/inputnav-search-submit-button")): Object: 'Object Repository/SearchField/Page_Amazon.com. Spend less. Smile more/inputnav-search-submit-button' is clicked on

30-01-2024T15:14:30 - [MESSAGE][PASSED] - Object: 'Object Repository/SearchField/Page_Amazon.com. Spend less. Smile more/inputnav-search-submit-button' is clicked on

30-01-2024T15:14:30 - [TEST_STEP][PASSED] - closeBrowser(): Browser is closed

30-01-2024T15:14:31 - [MESSAGE][PASSED] - Browser is closed]]></system-out>
         <system-err><![CDATA[]]></system-err>
      </testcase>
      <testcase name="Test Cases/DataDrivenTesting/Validate_searchfield_TC_002" time="23.266" classname="Test Cases/DataDrivenTesting/Validate_searchfield_TC_002" status="PASSED">
         <system-out><![CDATA[30-01-2024T15:14:31 - [TEST_CASE][PASSED] - Test Cases/DataDrivenTesting/Validate_searchfield_TC_002: Test Cases/DataDrivenTesting/Validate_searchfield_TC_002

30-01-2024T15:14:31 - [TEST_STEP][PASSED] - openBrowser(""): Browser is opened with url: ''

30-01-2024T15:14:31 - [MESSAGE][INFO] - Starting 'Chrome' driver

30-01-2024T15:14:31 - [MESSAGE][INFO] - Action delay is set to 0 milliseconds

30-01-2024T15:14:32 - [MESSAGE][PASSED] - Browser is opened with url: ''

30-01-2024T15:14:32 - [TEST_STEP][PASSED] - navigateToUrl("https://www.amazon.com/"): Navigate to 'https://www.amazon.com/' successfully

30-01-2024T15:14:33 - [MESSAGE][PASSED] - Navigate to 'https://www.amazon.com/' successfully

30-01-2024T15:14:33 - [TEST_STEP][PASSED] - delay(3): Delayed 3 second(s)

30-01-2024T15:14:37 - [MESSAGE][PASSED] - Delayed 3 second(s)

30-01-2024T15:14:37 - [TEST_STEP][PASSED] - selectOptionByLabel(findTestObject("Object Repository/SearchField/Page_Amazon.com. Spend less. Smile more/select_All Departments"), category, false): All options with label 'Books' are selected in object 'Object Repository/SearchField/Page_Amazon.com. Spend less. Smile more/select_All Departments' 

30-01-2024T15:14:46 - [MESSAGE][PASSED] - All options with label 'Books' are selected in object 'Object Repository/SearchField/Page_Amazon.com. Spend less. Smile more/select_All Departments' 

30-01-2024T15:14:46 - [TEST_STEP][PASSED] - setText(findTestObject("Object Repository/SearchField/Page_Amazon.com. Spend less. Smile more/input_field-keywords"), items): Text 'Da Vinci Code' is set on object 'Object Repository/SearchField/Page_Amazon.com. Spend less. Smile more/input_field-keywords'

30-01-2024T15:14:48 - [MESSAGE][PASSED] - Text 'Da Vinci Code' is set on object 'Object Repository/SearchField/Page_Amazon.com. Spend less. Smile more/input_field-keywords'

30-01-2024T15:14:48 - [TEST_STEP][PASSED] - click(findTestObject("Object Repository/SearchField/Page_Amazon.com. Spend less. Smile more/inputnav-search-submit-button")): Object: 'Object Repository/SearchField/Page_Amazon.com. Spend less. Smile more/inputnav-search-submit-button' is clicked on

30-01-2024T15:14:53 - [MESSAGE][PASSED] - Object: 'Object Repository/SearchField/Page_Amazon.com. Spend less. Smile more/inputnav-search-submit-button' is clicked on

30-01-2024T15:14:53 - [TEST_STEP][PASSED] - closeBrowser(): Browser is closed

30-01-2024T15:14:54 - [MESSAGE][PASSED] - Browser is closed]]></system-out>
         <system-err><![CDATA[]]></system-err>
      </testcase>
      <testcase name="Test Cases/DataDrivenTesting/Validate_searchfield_TC_002" time="19.481" classname="Test Cases/DataDrivenTesting/Validate_searchfield_TC_002" status="PASSED">
         <system-out><![CDATA[30-01-2024T15:14:54 - [TEST_CASE][PASSED] - Test Cases/DataDrivenTesting/Validate_searchfield_TC_002: Test Cases/DataDrivenTesting/Validate_searchfield_TC_002

30-01-2024T15:14:54 - [TEST_STEP][PASSED] - openBrowser(""): Browser is opened with url: ''

30-01-2024T15:14:54 - [MESSAGE][INFO] - Starting 'Chrome' driver

30-01-2024T15:14:54 - [MESSAGE][INFO] - Action delay is set to 0 milliseconds

30-01-2024T15:14:56 - [MESSAGE][PASSED] - Browser is opened with url: ''

30-01-2024T15:14:56 - [TEST_STEP][PASSED] - navigateToUrl("https://www.amazon.com/"): Navigate to 'https://www.amazon.com/' successfully

30-01-2024T15:14:57 - [MESSAGE][PASSED] - Navigate to 'https://www.amazon.com/' successfully

30-01-2024T15:14:57 - [TEST_STEP][PASSED] - delay(3): Delayed 3 second(s)

30-01-2024T15:15:00 - [MESSAGE][PASSED] - Delayed 3 second(s)

30-01-2024T15:15:00 - [TEST_STEP][PASSED] - selectOptionByLabel(findTestObject("Object Repository/SearchField/Page_Amazon.com. Spend less. Smile more/select_All Departments"), category, false): All options with label 'Video Games' are selected in object 'Object Repository/SearchField/Page_Amazon.com. Spend less. Smile more/select_All Departments' 

30-01-2024T15:15:04 - [MESSAGE][PASSED] - All options with label 'Video Games' are selected in object 'Object Repository/SearchField/Page_Amazon.com. Spend less. Smile more/select_All Departments' 

30-01-2024T15:15:04 - [TEST_STEP][PASSED] - setText(findTestObject("Object Repository/SearchField/Page_Amazon.com. Spend less. Smile more/input_field-keywords"), items): Text 'Virtual Reality' is set on object 'Object Repository/SearchField/Page_Amazon.com. Spend less. Smile more/input_field-keywords'

30-01-2024T15:15:06 - [MESSAGE][PASSED] - Text 'Virtual Reality' is set on object 'Object Repository/SearchField/Page_Amazon.com. Spend less. Smile more/input_field-keywords'

30-01-2024T15:15:06 - [TEST_STEP][PASSED] - click(findTestObject("Object Repository/SearchField/Page_Amazon.com. Spend less. Smile more/inputnav-search-submit-button")): Object: 'Object Repository/SearchField/Page_Amazon.com. Spend less. Smile more/inputnav-search-submit-button' is clicked on

30-01-2024T15:15:13 - [MESSAGE][PASSED] - Object: 'Object Repository/SearchField/Page_Amazon.com. Spend less. Smile more/inputnav-search-submit-button' is clicked on

30-01-2024T15:15:13 - [TEST_STEP][PASSED] - closeBrowser(): Browser is closed

30-01-2024T15:15:13 - [MESSAGE][PASSED] - Browser is closed]]></system-out>
         <system-err><![CDATA[]]></system-err>
      </testcase>
      <system-out><![CDATA[30-01-2024T15:12:52 - [TEST_SUITE][PASSED] - TS_ValidateSearchField__002: Test Cases/DataDrivenTesting/Validate_searchfield_TC_002]]></system-out>
      <system-err><![CDATA[]]></system-err>
   </testsuite>
</testsuites>
