<?xml version="1.0" encoding="UTF-8"?>
<testsuites name="TS_LOGIN_SearchField" time="23.197" tests="1" failures="0" errors="0">
   <testsuite name="TS_LOGIN_SearchField" tests="1" failures="0" errors="0" time="23.197" skipped="0" timestamp="31-01-2024T17:52:43" hostname="TIRUM - Tiru43" id="Test Suites/Amazon_Login_TS/TS_LOGIN_SearchField">
      <properties>
         <property name="deviceName" value=""/>
         <property name="devicePlatform" value=""/>
         <property name="logFolder" value="C:\\Users\\TIRUM\\git\\SI-GuidedProject-705242-1704854759\\Reports\\20240131_175237\\Amazon_Login_TS\\TS_LOGIN_SearchField\\20240131_175237"/>
         <property name="logFiles" value="C:\\Users\\TIRUM\\git\\SI-GuidedProject-705242-1704854759\\Reports\\20240131_175237\\Amazon_Login_TS\\TS_LOGIN_SearchField\\20240131_175237\\execution0.log"/>
         <property name="attachments" value=""/>
         <property name="hostName" value="TIRUM - Tiru43"/>
         <property name="os" value="Windows 11 64bit"/>
         <property name="katalonVersion" value="9.1.0.212"/>
         <property name="browser" value="Chrome 121.0.0.0"/>
         <property name="hostAddress" value="192.168.0.104"/>
         <property name="sessionId" value="39bcd9e48e1f31dad5f296af5adc60cd"/>
         <property name="seleniumVersion" value="3.141.59"/>
         <property name="proxyInformation" value="ProxyInformation { proxyOption=NO_PROXY, proxyServerType=HTTP, username=, password=********, proxyServerAddress=, proxyServerPort=0, executionList=&quot;&quot;, isApplyToDesiredCapabilities=true }"/>
         <property name="platform" value="Windows 11"/>
      </properties>
      <testcase name="Test Cases/AmazonLogin_Page/TC_Amazon_login_001" time="23.005" classname="Test Cases/AmazonLogin_Page/TC_Amazon_login_001" status="PASSED">
         <system-out><![CDATA[31-01-2024T17:52:43 - [TEST_CASE][PASSED] - Test Cases/AmazonLogin_Page/TC_Amazon_login_001: Test Cases/AmazonLogin_Page/TC_Amazon_login_001

31-01-2024T17:52:43 - [TEST_STEP][PASSED] - openBrowser(""): Browser is opened with url: ''

31-01-2024T17:52:43 - [MESSAGE][INFO] - Starting 'Chrome' driver

31-01-2024T17:52:43 - [MESSAGE][INFO] - Action delay is set to 0 milliseconds

31-01-2024T17:52:46 - [MESSAGE][PASSED] - Browser is opened with url: ''

31-01-2024T17:52:46 - [TEST_STEP][PASSED] - navigateToUrl("https://www.amazon.com/"): Navigate to 'https://www.amazon.com/' successfully

31-01-2024T17:52:47 - [MESSAGE][PASSED] - Navigate to 'https://www.amazon.com/' successfully

31-01-2024T17:52:47 - [TEST_STEP][PASSED] - click(findTestObject("Object Repository/DDT_Amazon_Login_001_OR/Page_Amazon.com. Spend less. Smile more/span_Hello, sign in")): Object: 'Object Repository/DDT_Amazon_Login_001_OR/Page_Amazon.com. Spend less. Smile more/span_Hello, sign in' is clicked on

31-01-2024T17:53:00 - [MESSAGE][PASSED] - Object: 'Object Repository/DDT_Amazon_Login_001_OR/Page_Amazon.com. Spend less. Smile more/span_Hello, sign in' is clicked on

31-01-2024T17:53:00 - [TEST_STEP][PASSED] - setText(findTestObject("DDT_Amazon_Login_001_OR/Page_Amazon Sign-In/input_email"), USERNAME): Text 'tirumala1643@gmail.com' is set on object 'Object Repository/DDT_Amazon_Login_001_OR/Page_Amazon Sign-In/input_email'

31-01-2024T17:53:02 - [MESSAGE][PASSED] - Text 'tirumala1643@gmail.com' is set on object 'Object Repository/DDT_Amazon_Login_001_OR/Page_Amazon Sign-In/input_email'

31-01-2024T17:53:02 - [TEST_STEP][PASSED] - click(findTestObject("Object Repository/DDT_Amazon_Login_001_OR/Page_Amazon Sign-In/inputcontinue")): Object: 'Object Repository/DDT_Amazon_Login_001_OR/Page_Amazon Sign-In/inputcontinue' is clicked on

31-01-2024T17:53:04 - [MESSAGE][PASSED] - Object: 'Object Repository/DDT_Amazon_Login_001_OR/Page_Amazon Sign-In/inputcontinue' is clicked on

31-01-2024T17:53:04 - [TEST_STEP][PASSED] - setText(findTestObject("Object Repository/DDT_Amazon_Login_001_OR/Page_Amazon Sign-In/input_password"), PASSWORD): Text 'Tiru43@@' is set on object 'Object Repository/DDT_Amazon_Login_001_OR/Page_Amazon Sign-In/input_password'

31-01-2024T17:53:05 - [MESSAGE][PASSED] - Text 'Tiru43@@' is set on object 'Object Repository/DDT_Amazon_Login_001_OR/Page_Amazon Sign-In/input_password'

31-01-2024T17:53:05 - [TEST_STEP][PASSED] - click(findTestObject("Object Repository/DDT_Amazon_Login_001_OR/Page_Amazon Sign-In/inputsignInSubmit")): Object: 'Object Repository/DDT_Amazon_Login_001_OR/Page_Amazon Sign-In/inputsignInSubmit' is clicked on

31-01-2024T17:53:06 - [MESSAGE][PASSED] - Object: 'Object Repository/DDT_Amazon_Login_001_OR/Page_Amazon Sign-In/inputsignInSubmit' is clicked on]]></system-out>
         <system-err><![CDATA[]]></system-err>
      </testcase>
      <system-out><![CDATA[31-01-2024T17:52:43 - [TEST_SUITE][PASSED] - TS_LOGIN_SearchField: Test Cases/AmazonLogin_Page/TC_Amazon_login_001]]></system-out>
      <system-err><![CDATA[]]></system-err>
   </testsuite>
</testsuites>
