<?xml version="1.0" encoding="UTF-8"?>
<testsuites name="TS_ValidateSearchField__002" time="112.737" tests="6" failures="0" errors="0">
   <testsuite name="TS_ValidateSearchField__002" tests="6" failures="0" errors="0" time="112.737" skipped="0" timestamp="30-01-2024T19:28:18" hostname="TIRUM - Tiru43" id="Test Suites/TS_Amazon/TS_ValidateSearchField__002">
      <properties>
         <property name="deviceName" value=""/>
         <property name="devicePlatform" value=""/>
         <property name="logFolder" value="C:\\Users\\TIRUM\\git\\SI-GuidedProject-705242-1704854759\\Reports\\20240130_192811\\TS_Amazon\\TS_ValidateSearchField__002\\20240130_192811"/>
         <property name="logFiles" value="C:\\Users\\TIRUM\\git\\SI-GuidedProject-705242-1704854759\\Reports\\20240130_192811\\TS_Amazon\\TS_ValidateSearchField__002\\20240130_192811\\execution0.log"/>
         <property name="attachments" value=""/>
         <property name="hostName" value="TIRUM - Tiru43"/>
         <property name="os" value="Windows 11 64bit"/>
         <property name="katalonVersion" value="9.1.0.212"/>
         <property name="browser" value="Chrome 120.0.0.0"/>
         <property name="hostAddress" value="192.168.0.101"/>
         <property name="sessionId" value="fc9be1b79a36e4ae5d672f6d8eb3df49"/>
         <property name="seleniumVersion" value="3.141.59"/>
         <property name="proxyInformation" value="ProxyInformation { proxyOption=NO_PROXY, proxyServerType=HTTP, username=, password=********, proxyServerAddress=, proxyServerPort=0, executionList=&quot;&quot;, isApplyToDesiredCapabilities=true }"/>
         <property name="platform" value="Windows 11"/>
      </properties>
      <testcase name="Test Cases/DataDrivenTesting/Validate_searchfield_TC_002" time="21.234" classname="Test Cases/DataDrivenTesting/Validate_searchfield_TC_002" status="PASSED">
         <system-out><![CDATA[30-01-2024T19:28:18 - [TEST_CASE][PASSED] - Test Cases/DataDrivenTesting/Validate_searchfield_TC_002: Test Cases/DataDrivenTesting/Validate_searchfield_TC_002

30-01-2024T19:28:18 - [TEST_STEP][PASSED] - openBrowser(""): Browser is opened with url: ''

30-01-2024T19:28:19 - [MESSAGE][INFO] - Starting 'Chrome' driver

30-01-2024T19:28:19 - [MESSAGE][INFO] - Action delay is set to 0 milliseconds

30-01-2024T19:28:21 - [MESSAGE][PASSED] - Browser is opened with url: ''

30-01-2024T19:28:21 - [TEST_STEP][PASSED] - navigateToUrl("https://www.amazon.com/"): Navigate to 'https://www.amazon.com/' successfully

30-01-2024T19:28:22 - [MESSAGE][PASSED] - Navigate to 'https://www.amazon.com/' successfully

30-01-2024T19:28:22 - [TEST_STEP][PASSED] - delay(3): Delayed 3 second(s)

30-01-2024T19:28:25 - [MESSAGE][PASSED] - Delayed 3 second(s)

30-01-2024T19:28:25 - [TEST_STEP][PASSED] - selectOptionByLabel(findTestObject("Object Repository/SearchField/Page_Amazon.com. Spend less. Smile more/select_All Departments"), category, false): All options with label 'Arts & Crafts' are selected in object 'Object Repository/SearchField/Page_Amazon.com. Spend less. Smile more/select_All Departments' 

30-01-2024T19:28:31 - [MESSAGE][PASSED] - All options with label 'Arts & Crafts' are selected in object 'Object Repository/SearchField/Page_Amazon.com. Spend less. Smile more/select_All Departments' 

30-01-2024T19:28:31 - [TEST_STEP][PASSED] - setText(findTestObject("Object Repository/SearchField/Page_Amazon.com. Spend less. Smile more/input_field-keywords"), items): Text 'Gift Wrapping Supplies' is set on object 'Object Repository/SearchField/Page_Amazon.com. Spend less. Smile more/input_field-keywords'

30-01-2024T19:28:32 - [MESSAGE][PASSED] - Text 'Gift Wrapping Supplies' is set on object 'Object Repository/SearchField/Page_Amazon.com. Spend less. Smile more/input_field-keywords'

30-01-2024T19:28:32 - [TEST_STEP][PASSED] - click(findTestObject("Object Repository/SearchField/Page_Amazon.com. Spend less. Smile more/inputnav-search-submit-button")): Object: 'Object Repository/SearchField/Page_Amazon.com. Spend less. Smile more/inputnav-search-submit-button' is clicked on

30-01-2024T19:28:38 - [MESSAGE][PASSED] - Object: 'Object Repository/SearchField/Page_Amazon.com. Spend less. Smile more/inputnav-search-submit-button' is clicked on

30-01-2024T19:28:38 - [TEST_STEP][PASSED] - closeBrowser(): Browser is closed

30-01-2024T19:28:39 - [MESSAGE][PASSED] - Browser is closed]]></system-out>
         <system-err><![CDATA[]]></system-err>
      </testcase>
      <testcase name="Test Cases/DataDrivenTesting/Validate_searchfield_TC_002" time="22.425" classname="Test Cases/DataDrivenTesting/Validate_searchfield_TC_002" status="PASSED">
         <system-out><![CDATA[30-01-2024T19:28:39 - [TEST_CASE][PASSED] - Test Cases/DataDrivenTesting/Validate_searchfield_TC_002: Test Cases/DataDrivenTesting/Validate_searchfield_TC_002

30-01-2024T19:28:39 - [TEST_STEP][PASSED] - openBrowser(""): Browser is opened with url: ''

30-01-2024T19:28:39 - [MESSAGE][INFO] - Starting 'Chrome' driver

30-01-2024T19:28:39 - [MESSAGE][INFO] - Action delay is set to 0 milliseconds

30-01-2024T19:28:41 - [MESSAGE][PASSED] - Browser is opened with url: ''

30-01-2024T19:28:41 - [TEST_STEP][PASSED] - navigateToUrl("https://www.amazon.com/"): Navigate to 'https://www.amazon.com/' successfully

30-01-2024T19:28:42 - [MESSAGE][PASSED] - Navigate to 'https://www.amazon.com/' successfully

30-01-2024T19:28:42 - [TEST_STEP][PASSED] - delay(3): Delayed 3 second(s)

30-01-2024T19:28:45 - [MESSAGE][PASSED] - Delayed 3 second(s)

30-01-2024T19:28:45 - [TEST_STEP][PASSED] - selectOptionByLabel(findTestObject("Object Repository/SearchField/Page_Amazon.com. Spend less. Smile more/select_All Departments"), category, false): All options with label 'Automotive' are selected in object 'Object Repository/SearchField/Page_Amazon.com. Spend less. Smile more/select_All Departments' 

30-01-2024T19:28:54 - [MESSAGE][PASSED] - All options with label 'Automotive' are selected in object 'Object Repository/SearchField/Page_Amazon.com. Spend less. Smile more/select_All Departments' 

30-01-2024T19:28:54 - [TEST_STEP][PASSED] - setText(findTestObject("Object Repository/SearchField/Page_Amazon.com. Spend less. Smile more/input_field-keywords"), items): Text 'Tires & Wheels' is set on object 'Object Repository/SearchField/Page_Amazon.com. Spend less. Smile more/input_field-keywords'

30-01-2024T19:28:55 - [MESSAGE][PASSED] - Text 'Tires & Wheels' is set on object 'Object Repository/SearchField/Page_Amazon.com. Spend less. Smile more/input_field-keywords'

30-01-2024T19:28:55 - [TEST_STEP][PASSED] - click(findTestObject("Object Repository/SearchField/Page_Amazon.com. Spend less. Smile more/inputnav-search-submit-button")): Object: 'Object Repository/SearchField/Page_Amazon.com. Spend less. Smile more/inputnav-search-submit-button' is clicked on

30-01-2024T19:29:01 - [MESSAGE][PASSED] - Object: 'Object Repository/SearchField/Page_Amazon.com. Spend less. Smile more/inputnav-search-submit-button' is clicked on

30-01-2024T19:29:01 - [TEST_STEP][PASSED] - closeBrowser(): Browser is closed

30-01-2024T19:29:02 - [MESSAGE][PASSED] - Browser is closed]]></system-out>
         <system-err><![CDATA[]]></system-err>
      </testcase>
      <testcase name="Test Cases/DataDrivenTesting/Validate_searchfield_TC_002" time="15.6" classname="Test Cases/DataDrivenTesting/Validate_searchfield_TC_002" status="PASSED">
         <system-out><![CDATA[30-01-2024T19:29:02 - [TEST_CASE][PASSED] - Test Cases/DataDrivenTesting/Validate_searchfield_TC_002: Test Cases/DataDrivenTesting/Validate_searchfield_TC_002

30-01-2024T19:29:02 - [TEST_STEP][PASSED] - openBrowser(""): Browser is opened with url: ''

30-01-2024T19:29:02 - [MESSAGE][INFO] - Starting 'Chrome' driver

30-01-2024T19:29:02 - [MESSAGE][INFO] - Action delay is set to 0 milliseconds

30-01-2024T19:29:03 - [MESSAGE][PASSED] - Browser is opened with url: ''

30-01-2024T19:29:03 - [TEST_STEP][PASSED] - navigateToUrl("https://www.amazon.com/"): Navigate to 'https://www.amazon.com/' successfully

30-01-2024T19:29:05 - [MESSAGE][PASSED] - Navigate to 'https://www.amazon.com/' successfully

30-01-2024T19:29:05 - [TEST_STEP][PASSED] - delay(3): Delayed 3 second(s)

30-01-2024T19:29:08 - [MESSAGE][PASSED] - Delayed 3 second(s)

30-01-2024T19:29:08 - [TEST_STEP][PASSED] - selectOptionByLabel(findTestObject("Object Repository/SearchField/Page_Amazon.com. Spend less. Smile more/select_All Departments"), category, false): All options with label 'Baby' are selected in object 'Object Repository/SearchField/Page_Amazon.com. Spend less. Smile more/select_All Departments' 

30-01-2024T19:29:11 - [MESSAGE][PASSED] - All options with label 'Baby' are selected in object 'Object Repository/SearchField/Page_Amazon.com. Spend less. Smile more/select_All Departments' 

30-01-2024T19:29:11 - [TEST_STEP][PASSED] - setText(findTestObject("Object Repository/SearchField/Page_Amazon.com. Spend less. Smile more/input_field-keywords"), items): Text 'Diapering' is set on object 'Object Repository/SearchField/Page_Amazon.com. Spend less. Smile more/input_field-keywords'

30-01-2024T19:29:12 - [MESSAGE][PASSED] - Text 'Diapering' is set on object 'Object Repository/SearchField/Page_Amazon.com. Spend less. Smile more/input_field-keywords'

30-01-2024T19:29:12 - [TEST_STEP][PASSED] - click(findTestObject("Object Repository/SearchField/Page_Amazon.com. Spend less. Smile more/inputnav-search-submit-button")): Object: 'Object Repository/SearchField/Page_Amazon.com. Spend less. Smile more/inputnav-search-submit-button' is clicked on

30-01-2024T19:29:17 - [MESSAGE][PASSED] - Object: 'Object Repository/SearchField/Page_Amazon.com. Spend less. Smile more/inputnav-search-submit-button' is clicked on

30-01-2024T19:29:17 - [TEST_STEP][PASSED] - closeBrowser(): Browser is closed

30-01-2024T19:29:17 - [MESSAGE][PASSED] - Browser is closed]]></system-out>
         <system-err><![CDATA[]]></system-err>
      </testcase>
      <testcase name="Test Cases/DataDrivenTesting/Validate_searchfield_TC_002" time="17.397" classname="Test Cases/DataDrivenTesting/Validate_searchfield_TC_002" status="PASSED">
         <system-out><![CDATA[30-01-2024T19:29:17 - [TEST_CASE][PASSED] - Test Cases/DataDrivenTesting/Validate_searchfield_TC_002: Test Cases/DataDrivenTesting/Validate_searchfield_TC_002

30-01-2024T19:29:17 - [TEST_STEP][PASSED] - openBrowser(""): Browser is opened with url: ''

30-01-2024T19:29:17 - [MESSAGE][INFO] - Starting 'Chrome' driver

30-01-2024T19:29:17 - [MESSAGE][INFO] - Action delay is set to 0 milliseconds

30-01-2024T19:29:19 - [MESSAGE][PASSED] - Browser is opened with url: ''

30-01-2024T19:29:19 - [TEST_STEP][PASSED] - navigateToUrl("https://www.amazon.com/"): Navigate to 'https://www.amazon.com/' successfully

30-01-2024T19:29:20 - [MESSAGE][PASSED] - Navigate to 'https://www.amazon.com/' successfully

30-01-2024T19:29:20 - [TEST_STEP][PASSED] - delay(3): Delayed 3 second(s)

30-01-2024T19:29:23 - [MESSAGE][PASSED] - Delayed 3 second(s)

30-01-2024T19:29:23 - [TEST_STEP][PASSED] - selectOptionByLabel(findTestObject("Object Repository/SearchField/Page_Amazon.com. Spend less. Smile more/select_All Departments"), category, false): All options with label 'Beauty & Personal Care' are selected in object 'Object Repository/SearchField/Page_Amazon.com. Spend less. Smile more/select_All Departments' 

30-01-2024T19:29:29 - [MESSAGE][PASSED] - All options with label 'Beauty & Personal Care' are selected in object 'Object Repository/SearchField/Page_Amazon.com. Spend less. Smile more/select_All Departments' 

30-01-2024T19:29:29 - [TEST_STEP][PASSED] - setText(findTestObject("Object Repository/SearchField/Page_Amazon.com. Spend less. Smile more/input_field-keywords"), items): Text 'Makeup' is set on object 'Object Repository/SearchField/Page_Amazon.com. Spend less. Smile more/input_field-keywords'

30-01-2024T19:29:30 - [MESSAGE][PASSED] - Text 'Makeup' is set on object 'Object Repository/SearchField/Page_Amazon.com. Spend less. Smile more/input_field-keywords'

30-01-2024T19:29:30 - [TEST_STEP][PASSED] - click(findTestObject("Object Repository/SearchField/Page_Amazon.com. Spend less. Smile more/inputnav-search-submit-button")): Object: 'Object Repository/SearchField/Page_Amazon.com. Spend less. Smile more/inputnav-search-submit-button' is clicked on

30-01-2024T19:29:34 - [MESSAGE][PASSED] - Object: 'Object Repository/SearchField/Page_Amazon.com. Spend less. Smile more/inputnav-search-submit-button' is clicked on

30-01-2024T19:29:34 - [TEST_STEP][PASSED] - closeBrowser(): Browser is closed

30-01-2024T19:29:35 - [MESSAGE][PASSED] - Browser is closed]]></system-out>
         <system-err><![CDATA[]]></system-err>
      </testcase>
      <testcase name="Test Cases/DataDrivenTesting/Validate_searchfield_TC_002" time="20.709" classname="Test Cases/DataDrivenTesting/Validate_searchfield_TC_002" status="PASSED">
         <system-out><![CDATA[30-01-2024T19:29:35 - [TEST_CASE][PASSED] - Test Cases/DataDrivenTesting/Validate_searchfield_TC_002: Test Cases/DataDrivenTesting/Validate_searchfield_TC_002

30-01-2024T19:29:35 - [TEST_STEP][PASSED] - openBrowser(""): Browser is opened with url: ''

30-01-2024T19:29:35 - [MESSAGE][INFO] - Starting 'Chrome' driver

30-01-2024T19:29:35 - [MESSAGE][INFO] - Action delay is set to 0 milliseconds

30-01-2024T19:29:36 - [MESSAGE][PASSED] - Browser is opened with url: ''

30-01-2024T19:29:36 - [TEST_STEP][PASSED] - navigateToUrl("https://www.amazon.com/"): Navigate to 'https://www.amazon.com/' successfully

30-01-2024T19:29:38 - [MESSAGE][PASSED] - Navigate to 'https://www.amazon.com/' successfully

30-01-2024T19:29:38 - [TEST_STEP][PASSED] - delay(3): Delayed 3 second(s)

30-01-2024T19:29:41 - [MESSAGE][PASSED] - Delayed 3 second(s)

30-01-2024T19:29:41 - [TEST_STEP][PASSED] - selectOptionByLabel(findTestObject("Object Repository/SearchField/Page_Amazon.com. Spend less. Smile more/select_All Departments"), category, false): All options with label 'Books' are selected in object 'Object Repository/SearchField/Page_Amazon.com. Spend less. Smile more/select_All Departments' 

30-01-2024T19:29:50 - [MESSAGE][PASSED] - All options with label 'Books' are selected in object 'Object Repository/SearchField/Page_Amazon.com. Spend less. Smile more/select_All Departments' 

30-01-2024T19:29:50 - [TEST_STEP][PASSED] - setText(findTestObject("Object Repository/SearchField/Page_Amazon.com. Spend less. Smile more/input_field-keywords"), items): Text 'Da Vinci Code' is set on object 'Object Repository/SearchField/Page_Amazon.com. Spend less. Smile more/input_field-keywords'

30-01-2024T19:29:51 - [MESSAGE][PASSED] - Text 'Da Vinci Code' is set on object 'Object Repository/SearchField/Page_Amazon.com. Spend less. Smile more/input_field-keywords'

30-01-2024T19:29:51 - [TEST_STEP][PASSED] - click(findTestObject("Object Repository/SearchField/Page_Amazon.com. Spend less. Smile more/inputnav-search-submit-button")): Object: 'Object Repository/SearchField/Page_Amazon.com. Spend less. Smile more/inputnav-search-submit-button' is clicked on

30-01-2024T19:29:55 - [MESSAGE][PASSED] - Object: 'Object Repository/SearchField/Page_Amazon.com. Spend less. Smile more/inputnav-search-submit-button' is clicked on

30-01-2024T19:29:55 - [TEST_STEP][PASSED] - closeBrowser(): Browser is closed

30-01-2024T19:29:55 - [MESSAGE][PASSED] - Browser is closed]]></system-out>
         <system-err><![CDATA[]]></system-err>
      </testcase>
      <testcase name="Test Cases/DataDrivenTesting/Validate_searchfield_TC_002" time="14.833" classname="Test Cases/DataDrivenTesting/Validate_searchfield_TC_002" status="PASSED">
         <system-out><![CDATA[30-01-2024T19:29:55 - [TEST_CASE][PASSED] - Test Cases/DataDrivenTesting/Validate_searchfield_TC_002: Test Cases/DataDrivenTesting/Validate_searchfield_TC_002

30-01-2024T19:29:56 - [TEST_STEP][PASSED] - openBrowser(""): Browser is opened with url: ''

30-01-2024T19:29:56 - [MESSAGE][INFO] - Starting 'Chrome' driver

30-01-2024T19:29:56 - [MESSAGE][INFO] - Action delay is set to 0 milliseconds

30-01-2024T19:29:57 - [MESSAGE][PASSED] - Browser is opened with url: ''

30-01-2024T19:29:57 - [TEST_STEP][PASSED] - navigateToUrl("https://www.amazon.com/"): Navigate to 'https://www.amazon.com/' successfully

30-01-2024T19:29:58 - [MESSAGE][PASSED] - Navigate to 'https://www.amazon.com/' successfully

30-01-2024T19:29:58 - [TEST_STEP][PASSED] - delay(3): Delayed 3 second(s)

30-01-2024T19:30:01 - [MESSAGE][PASSED] - Delayed 3 second(s)

30-01-2024T19:30:01 - [TEST_STEP][PASSED] - selectOptionByLabel(findTestObject("Object Repository/SearchField/Page_Amazon.com. Spend less. Smile more/select_All Departments"), category, false): All options with label 'Video Games' are selected in object 'Object Repository/SearchField/Page_Amazon.com. Spend less. Smile more/select_All Departments' 

30-01-2024T19:30:05 - [MESSAGE][PASSED] - All options with label 'Video Games' are selected in object 'Object Repository/SearchField/Page_Amazon.com. Spend less. Smile more/select_All Departments' 

30-01-2024T19:30:05 - [TEST_STEP][PASSED] - setText(findTestObject("Object Repository/SearchField/Page_Amazon.com. Spend less. Smile more/input_field-keywords"), items): Text 'Virtual Reality' is set on object 'Object Repository/SearchField/Page_Amazon.com. Spend less. Smile more/input_field-keywords'

30-01-2024T19:30:06 - [MESSAGE][PASSED] - Text 'Virtual Reality' is set on object 'Object Repository/SearchField/Page_Amazon.com. Spend less. Smile more/input_field-keywords'

30-01-2024T19:30:06 - [TEST_STEP][PASSED] - click(findTestObject("Object Repository/SearchField/Page_Amazon.com. Spend less. Smile more/inputnav-search-submit-button")): Object: 'Object Repository/SearchField/Page_Amazon.com. Spend less. Smile more/inputnav-search-submit-button' is clicked on

30-01-2024T19:30:10 - [MESSAGE][PASSED] - Object: 'Object Repository/SearchField/Page_Amazon.com. Spend less. Smile more/inputnav-search-submit-button' is clicked on

30-01-2024T19:30:10 - [TEST_STEP][PASSED] - closeBrowser(): Browser is closed

30-01-2024T19:30:10 - [MESSAGE][PASSED] - Browser is closed]]></system-out>
         <system-err><![CDATA[]]></system-err>
      </testcase>
      <system-out><![CDATA[30-01-2024T19:28:18 - [TEST_SUITE][PASSED] - TS_ValidateSearchField__002: Test Cases/DataDrivenTesting/Validate_searchfield_TC_002]]></system-out>
      <system-err><![CDATA[]]></system-err>
   </testsuite>
</testsuites>
