<?xml version="1.0" encoding="UTF-8"?>
<testsuites name="TS_LOGIN_SearchField" time="180.064" tests="6" failures="0" errors="0">
   <testsuite name="TS_LOGIN_SearchField" tests="6" failures="0" errors="0" time="180.064" skipped="0" timestamp="31-01-2024T18:03:38" hostname="TIRUM - Tiru43" id="Test Suites/Amazon_Login_TS/TS_LOGIN_SearchField">
      <properties>
         <property name="deviceName" value=""/>
         <property name="devicePlatform" value=""/>
         <property name="logFolder" value="C:\\Users\\TIRUM\\git\\SI-GuidedProject-705242-1704854759\\Reports\\20240131_180330\\Amazon_Login_TS\\TS_LOGIN_SearchField\\20240131_180331"/>
         <property name="logFiles" value="C:\\Users\\TIRUM\\git\\SI-GuidedProject-705242-1704854759\\Reports\\20240131_180330\\Amazon_Login_TS\\TS_LOGIN_SearchField\\20240131_180331\\execution0.log"/>
         <property name="attachments" value=""/>
         <property name="hostName" value="TIRUM - Tiru43"/>
         <property name="os" value="Windows 11 64bit"/>
         <property name="katalonVersion" value="9.1.0.212"/>
         <property name="browser" value="Chrome 121.0.0.0"/>
         <property name="hostAddress" value="192.168.0.104"/>
         <property name="sessionId" value="30477ee9ca98c85c78db9eb3333de2e3"/>
         <property name="seleniumVersion" value="3.141.59"/>
         <property name="proxyInformation" value="ProxyInformation { proxyOption=NO_PROXY, proxyServerType=HTTP, username=, password=********, proxyServerAddress=, proxyServerPort=0, executionList=&quot;&quot;, isApplyToDesiredCapabilities=true }"/>
         <property name="platform" value="Windows 11"/>
      </properties>
      <testcase name="Test Cases/AmazonLogin_Page/TC_Amazon_login_001" time="20.372" classname="Test Cases/AmazonLogin_Page/TC_Amazon_login_001" status="PASSED">
         <system-out><![CDATA[31-01-2024T18:03:38 - [TEST_CASE][PASSED] - Test Cases/AmazonLogin_Page/TC_Amazon_login_001: Test Cases/AmazonLogin_Page/TC_Amazon_login_001

31-01-2024T18:03:39 - [TEST_STEP][PASSED] - openBrowser(""): Browser is opened with url: ''

31-01-2024T18:03:39 - [MESSAGE][INFO] - Starting 'Chrome' driver

31-01-2024T18:03:39 - [MESSAGE][INFO] - Action delay is set to 0 milliseconds

31-01-2024T18:03:41 - [MESSAGE][PASSED] - Browser is opened with url: ''

31-01-2024T18:03:41 - [TEST_STEP][PASSED] - navigateToUrl("https://www.amazon.com/"): Navigate to 'https://www.amazon.com/' successfully

31-01-2024T18:03:43 - [MESSAGE][PASSED] - Navigate to 'https://www.amazon.com/' successfully

31-01-2024T18:03:43 - [TEST_STEP][PASSED] - click(findTestObject("Object Repository/DDT_Amazon_Login_001_OR/Page_Amazon.com. Spend less. Smile more/span_Hello, sign in")): Object: 'Object Repository/DDT_Amazon_Login_001_OR/Page_Amazon.com. Spend less. Smile more/span_Hello, sign in' is clicked on

31-01-2024T18:03:53 - [MESSAGE][PASSED] - Object: 'Object Repository/DDT_Amazon_Login_001_OR/Page_Amazon.com. Spend less. Smile more/span_Hello, sign in' is clicked on

31-01-2024T18:03:53 - [TEST_STEP][PASSED] - setText(findTestObject("DDT_Amazon_Login_001_OR/Page_Amazon Sign-In/input_email"), USERNAME): Text 'tirumala1643@gmail.com' is set on object 'Object Repository/DDT_Amazon_Login_001_OR/Page_Amazon Sign-In/input_email'

31-01-2024T18:03:55 - [MESSAGE][PASSED] - Text 'tirumala1643@gmail.com' is set on object 'Object Repository/DDT_Amazon_Login_001_OR/Page_Amazon Sign-In/input_email'

31-01-2024T18:03:55 - [TEST_STEP][PASSED] - click(findTestObject("Object Repository/DDT_Amazon_Login_001_OR/Page_Amazon Sign-In/inputcontinue")): Object: 'Object Repository/DDT_Amazon_Login_001_OR/Page_Amazon Sign-In/inputcontinue' is clicked on

31-01-2024T18:03:57 - [MESSAGE][PASSED] - Object: 'Object Repository/DDT_Amazon_Login_001_OR/Page_Amazon Sign-In/inputcontinue' is clicked on

31-01-2024T18:03:57 - [TEST_STEP][PASSED] - setText(findTestObject("Object Repository/DDT_Amazon_Login_001_OR/Page_Amazon Sign-In/input_password"), PASSWORD): Text 'Tiru43@@' is set on object 'Object Repository/DDT_Amazon_Login_001_OR/Page_Amazon Sign-In/input_password'

31-01-2024T18:03:58 - [MESSAGE][PASSED] - Text 'Tiru43@@' is set on object 'Object Repository/DDT_Amazon_Login_001_OR/Page_Amazon Sign-In/input_password'

31-01-2024T18:03:58 - [TEST_STEP][PASSED] - click(findTestObject("Object Repository/DDT_Amazon_Login_001_OR/Page_Amazon Sign-In/inputsignInSubmit")): Object: 'Object Repository/DDT_Amazon_Login_001_OR/Page_Amazon Sign-In/inputsignInSubmit' is clicked on

31-01-2024T18:03:59 - [MESSAGE][PASSED] - Object: 'Object Repository/DDT_Amazon_Login_001_OR/Page_Amazon Sign-In/inputsignInSubmit' is clicked on]]></system-out>
         <system-err><![CDATA[]]></system-err>
      </testcase>
      <testcase name="Test Cases/AmazonLogin_Page/TC_SearchField_002" time="34.465" classname="Test Cases/AmazonLogin_Page/TC_SearchField_002" status="PASSED">
         <system-out><![CDATA[31-01-2024T18:03:59 - [TEST_CASE][PASSED] - Test Cases/AmazonLogin_Page/TC_SearchField_002: Test Cases/AmazonLogin_Page/TC_SearchField_002

31-01-2024T18:03:59 - [TEST_STEP][PASSED] - openBrowser(""): Browser is opened with url: ''

31-01-2024T18:03:59 - [MESSAGE][WARNING] - A browser is already opened. Closing browser and opening a new one

31-01-2024T18:03:59 - [MESSAGE][INFO] - Starting 'Chrome' driver

31-01-2024T18:03:59 - [MESSAGE][INFO] - Action delay is set to 0 milliseconds

31-01-2024T18:04:00 - [MESSAGE][PASSED] - Browser is opened with url: ''

31-01-2024T18:04:00 - [TEST_STEP][PASSED] - navigateToUrl("https://www.amazon.com/"): Navigate to 'https://www.amazon.com/' successfully

31-01-2024T18:04:02 - [MESSAGE][PASSED] - Navigate to 'https://www.amazon.com/' successfully

31-01-2024T18:04:02 - [TEST_STEP][PASSED] - refresh(): Refresh successfully

31-01-2024T18:04:04 - [MESSAGE][PASSED] - Refresh successfully

31-01-2024T18:04:04 - [TEST_STEP][PASSED] - delay(10): Delayed 10 second(s)

31-01-2024T18:04:14 - [MESSAGE][PASSED] - Delayed 10 second(s)

31-01-2024T18:04:14 - [TEST_STEP][PASSED] - selectOptionByLabel(findTestObject("SearchField/Validate_SearchField/SearchField_OR_002/All_Departments"), category, true): All options with label 'Automotive' are selected in object 'Object Repository/SearchField/Validate_SearchField/SearchField_OR_002/All_Departments'  using regular expression

31-01-2024T18:04:15 - [MESSAGE][PASSED] - All options with label 'Automotive' are selected in object 'Object Repository/SearchField/Validate_SearchField/SearchField_OR_002/All_Departments'  using regular expression

31-01-2024T18:04:15 - [TEST_STEP][PASSED] - delay(10): Delayed 10 second(s)

31-01-2024T18:04:25 - [MESSAGE][PASSED] - Delayed 10 second(s)

31-01-2024T18:04:25 - [TEST_STEP][PASSED] - setText(findTestObject("SearchField/Validate_SearchField/SearchField_OR_002/Search_txt_field"), item): Text 'Paint & Paint Supplies' is set on object 'Object Repository/SearchField/Validate_SearchField/SearchField_OR_002/Search_txt_field'

31-01-2024T18:04:26 - [MESSAGE][PASSED] - Text 'Paint & Paint Supplies' is set on object 'Object Repository/SearchField/Validate_SearchField/SearchField_OR_002/Search_txt_field'

31-01-2024T18:04:26 - [TEST_STEP][PASSED] - click(findTestObject("SearchField/Validate_SearchField/SearchField_OR_002/iSearch_btn")): Object: 'Object Repository/SearchField/Validate_SearchField/SearchField_OR_002/iSearch_btn' is clicked on

31-01-2024T18:04:33 - [MESSAGE][PASSED] - Object: 'Object Repository/SearchField/Validate_SearchField/SearchField_OR_002/iSearch_btn' is clicked on]]></system-out>
         <system-err><![CDATA[]]></system-err>
      </testcase>
      <testcase name="Test Cases/AmazonLogin_Page/TC_SearchField_002" time="30.073" classname="Test Cases/AmazonLogin_Page/TC_SearchField_002" status="PASSED">
         <system-out><![CDATA[31-01-2024T18:04:33 - [TEST_CASE][PASSED] - Test Cases/AmazonLogin_Page/TC_SearchField_002: Test Cases/AmazonLogin_Page/TC_SearchField_002

31-01-2024T18:04:33 - [TEST_STEP][PASSED] - openBrowser(""): Browser is opened with url: ''

31-01-2024T18:04:33 - [MESSAGE][WARNING] - A browser is already opened. Closing browser and opening a new one

31-01-2024T18:04:34 - [MESSAGE][INFO] - Starting 'Chrome' driver

31-01-2024T18:04:34 - [MESSAGE][INFO] - Action delay is set to 0 milliseconds

31-01-2024T18:04:35 - [MESSAGE][PASSED] - Browser is opened with url: ''

31-01-2024T18:04:35 - [TEST_STEP][PASSED] - navigateToUrl("https://www.amazon.com/"): Navigate to 'https://www.amazon.com/' successfully

31-01-2024T18:04:36 - [MESSAGE][PASSED] - Navigate to 'https://www.amazon.com/' successfully

31-01-2024T18:04:36 - [TEST_STEP][PASSED] - refresh(): Refresh successfully

31-01-2024T18:04:37 - [MESSAGE][PASSED] - Refresh successfully

31-01-2024T18:04:37 - [TEST_STEP][PASSED] - delay(10): Delayed 10 second(s)

31-01-2024T18:04:47 - [MESSAGE][PASSED] - Delayed 10 second(s)

31-01-2024T18:04:47 - [TEST_STEP][PASSED] - selectOptionByLabel(findTestObject("SearchField/Validate_SearchField/SearchField_OR_002/All_Departments"), category, true): All options with label 'Books' are selected in object 'Object Repository/SearchField/Validate_SearchField/SearchField_OR_002/All_Departments'  using regular expression

31-01-2024T18:04:48 - [MESSAGE][PASSED] - All options with label 'Books' are selected in object 'Object Repository/SearchField/Validate_SearchField/SearchField_OR_002/All_Departments'  using regular expression

31-01-2024T18:04:48 - [TEST_STEP][PASSED] - delay(10): Delayed 10 second(s)

31-01-2024T18:04:58 - [MESSAGE][PASSED] - Delayed 10 second(s)

31-01-2024T18:04:58 - [TEST_STEP][PASSED] - setText(findTestObject("SearchField/Validate_SearchField/SearchField_OR_002/Search_txt_field"), item): Text 'Da Vinci code' is set on object 'Object Repository/SearchField/Validate_SearchField/SearchField_OR_002/Search_txt_field'

31-01-2024T18:04:59 - [MESSAGE][PASSED] - Text 'Da Vinci code' is set on object 'Object Repository/SearchField/Validate_SearchField/SearchField_OR_002/Search_txt_field'

31-01-2024T18:04:59 - [TEST_STEP][PASSED] - click(findTestObject("SearchField/Validate_SearchField/SearchField_OR_002/iSearch_btn")): Object: 'Object Repository/SearchField/Validate_SearchField/SearchField_OR_002/iSearch_btn' is clicked on

31-01-2024T18:05:03 - [MESSAGE][PASSED] - Object: 'Object Repository/SearchField/Validate_SearchField/SearchField_OR_002/iSearch_btn' is clicked on]]></system-out>
         <system-err><![CDATA[]]></system-err>
      </testcase>
      <testcase name="Test Cases/AmazonLogin_Page/TC_SearchField_002" time="31.183" classname="Test Cases/AmazonLogin_Page/TC_SearchField_002" status="PASSED">
         <system-out><![CDATA[31-01-2024T18:05:03 - [TEST_CASE][PASSED] - Test Cases/AmazonLogin_Page/TC_SearchField_002: Test Cases/AmazonLogin_Page/TC_SearchField_002

31-01-2024T18:05:03 - [TEST_STEP][PASSED] - openBrowser(""): Browser is opened with url: ''

31-01-2024T18:05:03 - [MESSAGE][WARNING] - A browser is already opened. Closing browser and opening a new one

31-01-2024T18:05:04 - [MESSAGE][INFO] - Starting 'Chrome' driver

31-01-2024T18:05:04 - [MESSAGE][INFO] - Action delay is set to 0 milliseconds

31-01-2024T18:05:05 - [MESSAGE][PASSED] - Browser is opened with url: ''

31-01-2024T18:05:05 - [TEST_STEP][PASSED] - navigateToUrl("https://www.amazon.com/"): Navigate to 'https://www.amazon.com/' successfully

31-01-2024T18:05:06 - [MESSAGE][PASSED] - Navigate to 'https://www.amazon.com/' successfully

31-01-2024T18:05:06 - [TEST_STEP][PASSED] - refresh(): Refresh successfully

31-01-2024T18:05:07 - [MESSAGE][PASSED] - Refresh successfully

31-01-2024T18:05:07 - [TEST_STEP][PASSED] - delay(10): Delayed 10 second(s)

31-01-2024T18:05:17 - [MESSAGE][PASSED] - Delayed 10 second(s)

31-01-2024T18:05:17 - [TEST_STEP][PASSED] - selectOptionByLabel(findTestObject("SearchField/Validate_SearchField/SearchField_OR_002/All_Departments"), category, true): All options with label 'Computers' are selected in object 'Object Repository/SearchField/Validate_SearchField/SearchField_OR_002/All_Departments'  using regular expression

31-01-2024T18:05:18 - [MESSAGE][PASSED] - All options with label 'Computers' are selected in object 'Object Repository/SearchField/Validate_SearchField/SearchField_OR_002/All_Departments'  using regular expression

31-01-2024T18:05:18 - [TEST_STEP][PASSED] - delay(10): Delayed 10 second(s)

31-01-2024T18:05:28 - [MESSAGE][PASSED] - Delayed 10 second(s)

31-01-2024T18:05:28 - [TEST_STEP][PASSED] - setText(findTestObject("SearchField/Validate_SearchField/SearchField_OR_002/Search_txt_field"), item): Text 'Monitors' is set on object 'Object Repository/SearchField/Validate_SearchField/SearchField_OR_002/Search_txt_field'

31-01-2024T18:05:29 - [MESSAGE][PASSED] - Text 'Monitors' is set on object 'Object Repository/SearchField/Validate_SearchField/SearchField_OR_002/Search_txt_field'

31-01-2024T18:05:29 - [TEST_STEP][PASSED] - click(findTestObject("SearchField/Validate_SearchField/SearchField_OR_002/iSearch_btn")): Object: 'Object Repository/SearchField/Validate_SearchField/SearchField_OR_002/iSearch_btn' is clicked on

31-01-2024T18:05:35 - [MESSAGE][PASSED] - Object: 'Object Repository/SearchField/Validate_SearchField/SearchField_OR_002/iSearch_btn' is clicked on]]></system-out>
         <system-err><![CDATA[]]></system-err>
      </testcase>
      <testcase name="Test Cases/AmazonLogin_Page/TC_SearchField_002" time="31.439" classname="Test Cases/AmazonLogin_Page/TC_SearchField_002" status="PASSED">
         <system-out><![CDATA[31-01-2024T18:05:35 - [TEST_CASE][PASSED] - Test Cases/AmazonLogin_Page/TC_SearchField_002: Test Cases/AmazonLogin_Page/TC_SearchField_002

31-01-2024T18:05:35 - [TEST_STEP][PASSED] - openBrowser(""): Browser is opened with url: ''

31-01-2024T18:05:35 - [MESSAGE][WARNING] - A browser is already opened. Closing browser and opening a new one

31-01-2024T18:05:35 - [MESSAGE][INFO] - Starting 'Chrome' driver

31-01-2024T18:05:35 - [MESSAGE][INFO] - Action delay is set to 0 milliseconds

31-01-2024T18:05:36 - [MESSAGE][PASSED] - Browser is opened with url: ''

31-01-2024T18:05:36 - [TEST_STEP][PASSED] - navigateToUrl("https://www.amazon.com/"): Navigate to 'https://www.amazon.com/' successfully

31-01-2024T18:05:37 - [MESSAGE][PASSED] - Navigate to 'https://www.amazon.com/' successfully

31-01-2024T18:05:37 - [TEST_STEP][PASSED] - refresh(): Refresh successfully

31-01-2024T18:05:38 - [MESSAGE][PASSED] - Refresh successfully

31-01-2024T18:05:38 - [TEST_STEP][PASSED] - delay(10): Delayed 10 second(s)

31-01-2024T18:05:48 - [MESSAGE][PASSED] - Delayed 10 second(s)

31-01-2024T18:05:48 - [TEST_STEP][PASSED] - selectOptionByLabel(findTestObject("SearchField/Validate_SearchField/SearchField_OR_002/All_Departments"), category, true): All options with label 'Digital Music' are selected in object 'Object Repository/SearchField/Validate_SearchField/SearchField_OR_002/All_Departments'  using regular expression

31-01-2024T18:05:49 - [MESSAGE][PASSED] - All options with label 'Digital Music' are selected in object 'Object Repository/SearchField/Validate_SearchField/SearchField_OR_002/All_Departments'  using regular expression

31-01-2024T18:05:49 - [TEST_STEP][PASSED] - delay(10): Delayed 10 second(s)

31-01-2024T18:05:59 - [MESSAGE][PASSED] - Delayed 10 second(s)

31-01-2024T18:05:59 - [TEST_STEP][PASSED] - setText(findTestObject("SearchField/Validate_SearchField/SearchField_OR_002/Search_txt_field"), item): Text 'Classical' is set on object 'Object Repository/SearchField/Validate_SearchField/SearchField_OR_002/Search_txt_field'

31-01-2024T18:06:00 - [MESSAGE][PASSED] - Text 'Classical' is set on object 'Object Repository/SearchField/Validate_SearchField/SearchField_OR_002/Search_txt_field'

31-01-2024T18:06:00 - [TEST_STEP][PASSED] - click(findTestObject("SearchField/Validate_SearchField/SearchField_OR_002/iSearch_btn")): Object: 'Object Repository/SearchField/Validate_SearchField/SearchField_OR_002/iSearch_btn' is clicked on

31-01-2024T18:06:06 - [MESSAGE][PASSED] - Object: 'Object Repository/SearchField/Validate_SearchField/SearchField_OR_002/iSearch_btn' is clicked on]]></system-out>
         <system-err><![CDATA[]]></system-err>
      </testcase>
      <testcase name="Test Cases/AmazonLogin_Page/TC_SearchField_002" time="32.151" classname="Test Cases/AmazonLogin_Page/TC_SearchField_002" status="PASSED">
         <system-out><![CDATA[31-01-2024T18:06:06 - [TEST_CASE][PASSED] - Test Cases/AmazonLogin_Page/TC_SearchField_002: Test Cases/AmazonLogin_Page/TC_SearchField_002

31-01-2024T18:06:06 - [TEST_STEP][PASSED] - openBrowser(""): Browser is opened with url: ''

31-01-2024T18:06:06 - [MESSAGE][WARNING] - A browser is already opened. Closing browser and opening a new one

31-01-2024T18:06:07 - [MESSAGE][INFO] - Starting 'Chrome' driver

31-01-2024T18:06:07 - [MESSAGE][INFO] - Action delay is set to 0 milliseconds

31-01-2024T18:06:08 - [MESSAGE][PASSED] - Browser is opened with url: ''

31-01-2024T18:06:08 - [TEST_STEP][PASSED] - navigateToUrl("https://www.amazon.com/"): Navigate to 'https://www.amazon.com/' successfully

31-01-2024T18:06:09 - [MESSAGE][PASSED] - Navigate to 'https://www.amazon.com/' successfully

31-01-2024T18:06:09 - [TEST_STEP][PASSED] - refresh(): Refresh successfully

31-01-2024T18:06:11 - [MESSAGE][PASSED] - Refresh successfully

31-01-2024T18:06:11 - [TEST_STEP][PASSED] - delay(10): Delayed 10 second(s)

31-01-2024T18:06:21 - [MESSAGE][PASSED] - Delayed 10 second(s)

31-01-2024T18:06:21 - [TEST_STEP][PASSED] - selectOptionByLabel(findTestObject("SearchField/Validate_SearchField/SearchField_OR_002/All_Departments"), category, true): All options with label 'Home & Kitchen' are selected in object 'Object Repository/SearchField/Validate_SearchField/SearchField_OR_002/All_Departments'  using regular expression

31-01-2024T18:06:22 - [MESSAGE][PASSED] - All options with label 'Home & Kitchen' are selected in object 'Object Repository/SearchField/Validate_SearchField/SearchField_OR_002/All_Departments'  using regular expression

31-01-2024T18:06:22 - [TEST_STEP][PASSED] - delay(10): Delayed 10 second(s)

31-01-2024T18:06:32 - [MESSAGE][PASSED] - Delayed 10 second(s)

31-01-2024T18:06:32 - [TEST_STEP][PASSED] - setText(findTestObject("SearchField/Validate_SearchField/SearchField_OR_002/Search_txt_field"), item): Text ' Furniture' is set on object 'Object Repository/SearchField/Validate_SearchField/SearchField_OR_002/Search_txt_field'

31-01-2024T18:06:33 - [MESSAGE][PASSED] - Text ' Furniture' is set on object 'Object Repository/SearchField/Validate_SearchField/SearchField_OR_002/Search_txt_field'

31-01-2024T18:06:33 - [TEST_STEP][PASSED] - click(findTestObject("SearchField/Validate_SearchField/SearchField_OR_002/iSearch_btn")): Object: 'Object Repository/SearchField/Validate_SearchField/SearchField_OR_002/iSearch_btn' is clicked on

31-01-2024T18:06:38 - [MESSAGE][PASSED] - Object: 'Object Repository/SearchField/Validate_SearchField/SearchField_OR_002/iSearch_btn' is clicked on]]></system-out>
         <system-err><![CDATA[]]></system-err>
      </testcase>
      <system-out><![CDATA[31-01-2024T18:03:38 - [TEST_SUITE][PASSED] - TS_LOGIN_SearchField: Test Cases/AmazonLogin_Page/TC_SearchField_002]]></system-out>
      <system-err><![CDATA[]]></system-err>
   </testsuite>
</testsuites>
