<?xml version="1.0" encoding="UTF-8"?>
<testsuites name="TS_Amazon_login_001" time="4.369" tests="0" failures="0" errors="0">
   <testsuite name="TS_Amazon_login_001" tests="0" failures="0" errors="0" time="4.369" skipped="0" timestamp="30-01-2024T20:53:55" hostname="TIRUM - Tiru43" id="Test Suites/TS_Amazon/TS_Amazon_login_001">
      <properties>
         <property name="deviceName" value=""/>
         <property name="devicePlatform" value=""/>
         <property name="logFolder" value="C:\\Users\\TIRUM\\git\\SI-GuidedProject-705242-1704854759\\Reports\\20240130_205345\\TS_Amazon\\TS_Amazon_login_001\\20240130_205346"/>
         <property name="logFiles" value="C:\\Users\\TIRUM\\git\\SI-GuidedProject-705242-1704854759\\Reports\\20240130_205345\\TS_Amazon\\TS_Amazon_login_001\\20240130_205346\\execution0.log"/>
         <property name="attachments" value=""/>
         <property name="hostName" value="TIRUM - Tiru43"/>
         <property name="hostAddress" value="192.168.0.101"/>
         <property name="os" value="Windows 11 64bit"/>
         <property name="katalonVersion" value="9.1.0.212"/>
      </properties>
      <system-out><![CDATA[30-01-2024T20:53:55 - [TEST_SUITE][PASSED] - TS_Amazon_login_001: null]]></system-out>
      <system-err><![CDATA[]]></system-err>
   </testsuite>
</testsuites>
