<?xml version="1.0" encoding="UTF-8"?>
<testsuites name="TS_LOGIN_SearchField" time="181.336" tests="6" failures="0" errors="0">
   <testsuite name="TS_LOGIN_SearchField" tests="6" failures="0" errors="0" time="181.336" skipped="0" timestamp="31-01-2024T17:54:20" hostname="TIRUM - Tiru43" id="Test Suites/Amazon_Login_TS/TS_LOGIN_SearchField">
      <properties>
         <property name="deviceName" value=""/>
         <property name="devicePlatform" value=""/>
         <property name="logFolder" value="C:\\Users\\TIRUM\\git\\SI-GuidedProject-705242-1704854759\\Reports\\20240131_175413\\Amazon_Login_TS\\TS_LOGIN_SearchField\\20240131_175414"/>
         <property name="logFiles" value="C:\\Users\\TIRUM\\git\\SI-GuidedProject-705242-1704854759\\Reports\\20240131_175413\\Amazon_Login_TS\\TS_LOGIN_SearchField\\20240131_175414\\execution0.log"/>
         <property name="attachments" value=""/>
         <property name="hostName" value="TIRUM - Tiru43"/>
         <property name="os" value="Windows 11 64bit"/>
         <property name="katalonVersion" value="9.1.0.212"/>
         <property name="browser" value="Chrome 121.0.0.0"/>
         <property name="hostAddress" value="192.168.0.104"/>
         <property name="sessionId" value="5ebd73cc22123f4b4099758cdb7aec04"/>
         <property name="seleniumVersion" value="3.141.59"/>
         <property name="proxyInformation" value="ProxyInformation { proxyOption=NO_PROXY, proxyServerType=HTTP, username=, password=********, proxyServerAddress=, proxyServerPort=0, executionList=&quot;&quot;, isApplyToDesiredCapabilities=true }"/>
         <property name="platform" value="Windows 11"/>
      </properties>
      <testcase name="Test Cases/AmazonLogin_Page/TC_Amazon_login_001" time="19.341" classname="Test Cases/AmazonLogin_Page/TC_Amazon_login_001" status="PASSED">
         <system-out><![CDATA[31-01-2024T17:54:20 - [TEST_CASE][PASSED] - Test Cases/AmazonLogin_Page/TC_Amazon_login_001: Test Cases/AmazonLogin_Page/TC_Amazon_login_001

31-01-2024T17:54:21 - [TEST_STEP][PASSED] - openBrowser(""): Browser is opened with url: ''

31-01-2024T17:54:21 - [MESSAGE][INFO] - Starting 'Chrome' driver

31-01-2024T17:54:21 - [MESSAGE][INFO] - Action delay is set to 0 milliseconds

31-01-2024T17:54:23 - [MESSAGE][PASSED] - Browser is opened with url: ''

31-01-2024T17:54:23 - [TEST_STEP][PASSED] - navigateToUrl("https://www.amazon.com/"): Navigate to 'https://www.amazon.com/' successfully

31-01-2024T17:54:24 - [MESSAGE][PASSED] - Navigate to 'https://www.amazon.com/' successfully

31-01-2024T17:54:24 - [TEST_STEP][PASSED] - click(findTestObject("Object Repository/DDT_Amazon_Login_001_OR/Page_Amazon.com. Spend less. Smile more/span_Hello, sign in")): Object: 'Object Repository/DDT_Amazon_Login_001_OR/Page_Amazon.com. Spend less. Smile more/span_Hello, sign in' is clicked on

31-01-2024T17:54:34 - [MESSAGE][PASSED] - Object: 'Object Repository/DDT_Amazon_Login_001_OR/Page_Amazon.com. Spend less. Smile more/span_Hello, sign in' is clicked on

31-01-2024T17:54:34 - [TEST_STEP][PASSED] - setText(findTestObject("DDT_Amazon_Login_001_OR/Page_Amazon Sign-In/input_email"), USERNAME): Text 'tirumala1643@gmail.com' is set on object 'Object Repository/DDT_Amazon_Login_001_OR/Page_Amazon Sign-In/input_email'

31-01-2024T17:54:36 - [MESSAGE][PASSED] - Text 'tirumala1643@gmail.com' is set on object 'Object Repository/DDT_Amazon_Login_001_OR/Page_Amazon Sign-In/input_email'

31-01-2024T17:54:36 - [TEST_STEP][PASSED] - click(findTestObject("Object Repository/DDT_Amazon_Login_001_OR/Page_Amazon Sign-In/inputcontinue")): Object: 'Object Repository/DDT_Amazon_Login_001_OR/Page_Amazon Sign-In/inputcontinue' is clicked on

31-01-2024T17:54:38 - [MESSAGE][PASSED] - Object: 'Object Repository/DDT_Amazon_Login_001_OR/Page_Amazon Sign-In/inputcontinue' is clicked on

31-01-2024T17:54:38 - [TEST_STEP][PASSED] - setText(findTestObject("Object Repository/DDT_Amazon_Login_001_OR/Page_Amazon Sign-In/input_password"), PASSWORD): Text 'Tiru43@@' is set on object 'Object Repository/DDT_Amazon_Login_001_OR/Page_Amazon Sign-In/input_password'

31-01-2024T17:54:39 - [MESSAGE][PASSED] - Text 'Tiru43@@' is set on object 'Object Repository/DDT_Amazon_Login_001_OR/Page_Amazon Sign-In/input_password'

31-01-2024T17:54:39 - [TEST_STEP][PASSED] - click(findTestObject("Object Repository/DDT_Amazon_Login_001_OR/Page_Amazon Sign-In/inputsignInSubmit")): Object: 'Object Repository/DDT_Amazon_Login_001_OR/Page_Amazon Sign-In/inputsignInSubmit' is clicked on

31-01-2024T17:54:40 - [MESSAGE][PASSED] - Object: 'Object Repository/DDT_Amazon_Login_001_OR/Page_Amazon Sign-In/inputsignInSubmit' is clicked on]]></system-out>
         <system-err><![CDATA[]]></system-err>
      </testcase>
      <testcase name="Test Cases/AmazonLogin_Page/TC_SearchField_002" time="36.738" classname="Test Cases/AmazonLogin_Page/TC_SearchField_002" status="PASSED">
         <system-out><![CDATA[31-01-2024T17:54:40 - [TEST_CASE][PASSED] - Test Cases/AmazonLogin_Page/TC_SearchField_002: Test Cases/AmazonLogin_Page/TC_SearchField_002

31-01-2024T17:54:40 - [TEST_STEP][PASSED] - openBrowser(""): Browser is opened with url: ''

31-01-2024T17:54:40 - [MESSAGE][WARNING] - A browser is already opened. Closing browser and opening a new one

31-01-2024T17:54:41 - [MESSAGE][INFO] - Starting 'Chrome' driver

31-01-2024T17:54:41 - [MESSAGE][INFO] - Action delay is set to 0 milliseconds

31-01-2024T17:54:42 - [MESSAGE][PASSED] - Browser is opened with url: ''

31-01-2024T17:54:42 - [TEST_STEP][PASSED] - navigateToUrl("https://www.amazon.com/"): Navigate to 'https://www.amazon.com/' successfully

31-01-2024T17:54:44 - [MESSAGE][PASSED] - Navigate to 'https://www.amazon.com/' successfully

31-01-2024T17:54:44 - [TEST_STEP][PASSED] - refresh(): Refresh successfully

31-01-2024T17:54:44 - [MESSAGE][PASSED] - Refresh successfully

31-01-2024T17:54:44 - [TEST_STEP][PASSED] - delay(10): Delayed 10 second(s)

31-01-2024T17:54:54 - [MESSAGE][PASSED] - Delayed 10 second(s)

31-01-2024T17:54:54 - [TEST_STEP][PASSED] - selectOptionByLabel(findTestObject("SearchField/Validate_SearchField/SearchField_OR_002/All_Departments"), category, true): All options with label 'Automotive' are selected in object 'Object Repository/SearchField/Validate_SearchField/SearchField_OR_002/All_Departments'  using regular expression

31-01-2024T17:55:00 - [MESSAGE][PASSED] - All options with label 'Automotive' are selected in object 'Object Repository/SearchField/Validate_SearchField/SearchField_OR_002/All_Departments'  using regular expression

31-01-2024T17:55:00 - [TEST_STEP][PASSED] - delay(10): Delayed 10 second(s)

31-01-2024T17:55:10 - [MESSAGE][PASSED] - Delayed 10 second(s)

31-01-2024T17:55:10 - [TEST_STEP][PASSED] - setText(findTestObject("SearchField/Validate_SearchField/SearchField_OR_002/Search_txt_field"), item): Text 'Paint & Paint Supplies' is set on object 'Object Repository/SearchField/Validate_SearchField/SearchField_OR_002/Search_txt_field'

31-01-2024T17:55:10 - [MESSAGE][PASSED] - Text 'Paint & Paint Supplies' is set on object 'Object Repository/SearchField/Validate_SearchField/SearchField_OR_002/Search_txt_field'

31-01-2024T17:55:10 - [TEST_STEP][PASSED] - click(findTestObject("SearchField/Validate_SearchField/SearchField_OR_002/iSearch_btn")): Object: 'Object Repository/SearchField/Validate_SearchField/SearchField_OR_002/iSearch_btn' is clicked on

31-01-2024T17:55:17 - [MESSAGE][PASSED] - Object: 'Object Repository/SearchField/Validate_SearchField/SearchField_OR_002/iSearch_btn' is clicked on]]></system-out>
         <system-err><![CDATA[]]></system-err>
      </testcase>
      <testcase name="Test Cases/AmazonLogin_Page/TC_SearchField_002" time="29.814" classname="Test Cases/AmazonLogin_Page/TC_SearchField_002" status="PASSED">
         <system-out><![CDATA[31-01-2024T17:55:17 - [TEST_CASE][PASSED] - Test Cases/AmazonLogin_Page/TC_SearchField_002: Test Cases/AmazonLogin_Page/TC_SearchField_002

31-01-2024T17:55:17 - [TEST_STEP][PASSED] - openBrowser(""): Browser is opened with url: ''

31-01-2024T17:55:17 - [MESSAGE][WARNING] - A browser is already opened. Closing browser and opening a new one

31-01-2024T17:55:17 - [MESSAGE][INFO] - Starting 'Chrome' driver

31-01-2024T17:55:17 - [MESSAGE][INFO] - Action delay is set to 0 milliseconds

31-01-2024T17:55:18 - [MESSAGE][PASSED] - Browser is opened with url: ''

31-01-2024T17:55:18 - [TEST_STEP][PASSED] - navigateToUrl("https://www.amazon.com/"): Navigate to 'https://www.amazon.com/' successfully

31-01-2024T17:55:19 - [MESSAGE][PASSED] - Navigate to 'https://www.amazon.com/' successfully

31-01-2024T17:55:19 - [TEST_STEP][PASSED] - refresh(): Refresh successfully

31-01-2024T17:55:20 - [MESSAGE][PASSED] - Refresh successfully

31-01-2024T17:55:20 - [TEST_STEP][PASSED] - delay(10): Delayed 10 second(s)

31-01-2024T17:55:30 - [MESSAGE][PASSED] - Delayed 10 second(s)

31-01-2024T17:55:30 - [TEST_STEP][PASSED] - selectOptionByLabel(findTestObject("SearchField/Validate_SearchField/SearchField_OR_002/All_Departments"), category, true): All options with label 'Books' are selected in object 'Object Repository/SearchField/Validate_SearchField/SearchField_OR_002/All_Departments'  using regular expression

31-01-2024T17:55:31 - [MESSAGE][PASSED] - All options with label 'Books' are selected in object 'Object Repository/SearchField/Validate_SearchField/SearchField_OR_002/All_Departments'  using regular expression

31-01-2024T17:55:31 - [TEST_STEP][PASSED] - delay(10): Delayed 10 second(s)

31-01-2024T17:55:41 - [MESSAGE][PASSED] - Delayed 10 second(s)

31-01-2024T17:55:41 - [TEST_STEP][PASSED] - setText(findTestObject("SearchField/Validate_SearchField/SearchField_OR_002/Search_txt_field"), item): Text 'Da Vinci code' is set on object 'Object Repository/SearchField/Validate_SearchField/SearchField_OR_002/Search_txt_field'

31-01-2024T17:55:42 - [MESSAGE][PASSED] - Text 'Da Vinci code' is set on object 'Object Repository/SearchField/Validate_SearchField/SearchField_OR_002/Search_txt_field'

31-01-2024T17:55:42 - [TEST_STEP][PASSED] - click(findTestObject("SearchField/Validate_SearchField/SearchField_OR_002/iSearch_btn")): Object: 'Object Repository/SearchField/Validate_SearchField/SearchField_OR_002/iSearch_btn' is clicked on

31-01-2024T17:55:46 - [MESSAGE][PASSED] - Object: 'Object Repository/SearchField/Validate_SearchField/SearchField_OR_002/iSearch_btn' is clicked on]]></system-out>
         <system-err><![CDATA[]]></system-err>
      </testcase>
      <testcase name="Test Cases/AmazonLogin_Page/TC_SearchField_002" time="31.406" classname="Test Cases/AmazonLogin_Page/TC_SearchField_002" status="PASSED">
         <system-out><![CDATA[31-01-2024T17:55:46 - [TEST_CASE][PASSED] - Test Cases/AmazonLogin_Page/TC_SearchField_002: Test Cases/AmazonLogin_Page/TC_SearchField_002

31-01-2024T17:55:46 - [TEST_STEP][PASSED] - openBrowser(""): Browser is opened with url: ''

31-01-2024T17:55:46 - [MESSAGE][WARNING] - A browser is already opened. Closing browser and opening a new one

31-01-2024T17:55:47 - [MESSAGE][INFO] - Starting 'Chrome' driver

31-01-2024T17:55:47 - [MESSAGE][INFO] - Action delay is set to 0 milliseconds

31-01-2024T17:55:49 - [MESSAGE][PASSED] - Browser is opened with url: ''

31-01-2024T17:55:49 - [TEST_STEP][PASSED] - navigateToUrl("https://www.amazon.com/"): Navigate to 'https://www.amazon.com/' successfully

31-01-2024T17:55:50 - [MESSAGE][PASSED] - Navigate to 'https://www.amazon.com/' successfully

31-01-2024T17:55:50 - [TEST_STEP][PASSED] - refresh(): Refresh successfully

31-01-2024T17:55:50 - [MESSAGE][PASSED] - Refresh successfully

31-01-2024T17:55:50 - [TEST_STEP][PASSED] - delay(10): Delayed 10 second(s)

31-01-2024T17:56:00 - [MESSAGE][PASSED] - Delayed 10 second(s)

31-01-2024T17:56:00 - [TEST_STEP][PASSED] - selectOptionByLabel(findTestObject("SearchField/Validate_SearchField/SearchField_OR_002/All_Departments"), category, true): All options with label 'Computers' are selected in object 'Object Repository/SearchField/Validate_SearchField/SearchField_OR_002/All_Departments'  using regular expression

31-01-2024T17:56:02 - [MESSAGE][PASSED] - All options with label 'Computers' are selected in object 'Object Repository/SearchField/Validate_SearchField/SearchField_OR_002/All_Departments'  using regular expression

31-01-2024T17:56:02 - [TEST_STEP][PASSED] - delay(10): Delayed 10 second(s)

31-01-2024T17:56:12 - [MESSAGE][PASSED] - Delayed 10 second(s)

31-01-2024T17:56:12 - [TEST_STEP][PASSED] - setText(findTestObject("SearchField/Validate_SearchField/SearchField_OR_002/Search_txt_field"), item): Text 'Monitors' is set on object 'Object Repository/SearchField/Validate_SearchField/SearchField_OR_002/Search_txt_field'

31-01-2024T17:56:13 - [MESSAGE][PASSED] - Text 'Monitors' is set on object 'Object Repository/SearchField/Validate_SearchField/SearchField_OR_002/Search_txt_field'

31-01-2024T17:56:13 - [TEST_STEP][PASSED] - click(findTestObject("SearchField/Validate_SearchField/SearchField_OR_002/iSearch_btn")): Object: 'Object Repository/SearchField/Validate_SearchField/SearchField_OR_002/iSearch_btn' is clicked on

31-01-2024T17:56:18 - [MESSAGE][PASSED] - Object: 'Object Repository/SearchField/Validate_SearchField/SearchField_OR_002/iSearch_btn' is clicked on]]></system-out>
         <system-err><![CDATA[]]></system-err>
      </testcase>
      <testcase name="Test Cases/AmazonLogin_Page/TC_SearchField_002" time="31.61" classname="Test Cases/AmazonLogin_Page/TC_SearchField_002" status="PASSED">
         <system-out><![CDATA[31-01-2024T17:56:18 - [TEST_CASE][PASSED] - Test Cases/AmazonLogin_Page/TC_SearchField_002: Test Cases/AmazonLogin_Page/TC_SearchField_002

31-01-2024T17:56:18 - [TEST_STEP][PASSED] - openBrowser(""): Browser is opened with url: ''

31-01-2024T17:56:18 - [MESSAGE][WARNING] - A browser is already opened. Closing browser and opening a new one

31-01-2024T17:56:18 - [MESSAGE][INFO] - Starting 'Chrome' driver

31-01-2024T17:56:18 - [MESSAGE][INFO] - Action delay is set to 0 milliseconds

31-01-2024T17:56:20 - [MESSAGE][PASSED] - Browser is opened with url: ''

31-01-2024T17:56:20 - [TEST_STEP][PASSED] - navigateToUrl("https://www.amazon.com/"): Navigate to 'https://www.amazon.com/' successfully

31-01-2024T17:56:21 - [MESSAGE][PASSED] - Navigate to 'https://www.amazon.com/' successfully

31-01-2024T17:56:21 - [TEST_STEP][PASSED] - refresh(): Refresh successfully

31-01-2024T17:56:21 - [MESSAGE][PASSED] - Refresh successfully

31-01-2024T17:56:21 - [TEST_STEP][PASSED] - delay(10): Delayed 10 second(s)

31-01-2024T17:56:31 - [MESSAGE][PASSED] - Delayed 10 second(s)

31-01-2024T17:56:31 - [TEST_STEP][PASSED] - selectOptionByLabel(findTestObject("SearchField/Validate_SearchField/SearchField_OR_002/All_Departments"), category, true): All options with label 'Digital Music' are selected in object 'Object Repository/SearchField/Validate_SearchField/SearchField_OR_002/All_Departments'  using regular expression

31-01-2024T17:56:33 - [MESSAGE][PASSED] - All options with label 'Digital Music' are selected in object 'Object Repository/SearchField/Validate_SearchField/SearchField_OR_002/All_Departments'  using regular expression

31-01-2024T17:56:33 - [TEST_STEP][PASSED] - delay(10): Delayed 10 second(s)

31-01-2024T17:56:43 - [MESSAGE][PASSED] - Delayed 10 second(s)

31-01-2024T17:56:43 - [TEST_STEP][PASSED] - setText(findTestObject("SearchField/Validate_SearchField/SearchField_OR_002/Search_txt_field"), item): Text 'Classical' is set on object 'Object Repository/SearchField/Validate_SearchField/SearchField_OR_002/Search_txt_field'

31-01-2024T17:56:43 - [MESSAGE][PASSED] - Text 'Classical' is set on object 'Object Repository/SearchField/Validate_SearchField/SearchField_OR_002/Search_txt_field'

31-01-2024T17:56:43 - [TEST_STEP][PASSED] - click(findTestObject("SearchField/Validate_SearchField/SearchField_OR_002/iSearch_btn")): Object: 'Object Repository/SearchField/Validate_SearchField/SearchField_OR_002/iSearch_btn' is clicked on

31-01-2024T17:56:50 - [MESSAGE][PASSED] - Object: 'Object Repository/SearchField/Validate_SearchField/SearchField_OR_002/iSearch_btn' is clicked on]]></system-out>
         <system-err><![CDATA[]]></system-err>
      </testcase>
      <testcase name="Test Cases/AmazonLogin_Page/TC_SearchField_002" time="32.005" classname="Test Cases/AmazonLogin_Page/TC_SearchField_002" status="PASSED">
         <system-out><![CDATA[31-01-2024T17:56:50 - [TEST_CASE][PASSED] - Test Cases/AmazonLogin_Page/TC_SearchField_002: Test Cases/AmazonLogin_Page/TC_SearchField_002

31-01-2024T17:56:50 - [TEST_STEP][PASSED] - openBrowser(""): Browser is opened with url: ''

31-01-2024T17:56:50 - [MESSAGE][WARNING] - A browser is already opened. Closing browser and opening a new one

31-01-2024T17:56:50 - [MESSAGE][INFO] - Starting 'Chrome' driver

31-01-2024T17:56:50 - [MESSAGE][INFO] - Action delay is set to 0 milliseconds

31-01-2024T17:56:51 - [MESSAGE][PASSED] - Browser is opened with url: ''

31-01-2024T17:56:51 - [TEST_STEP][PASSED] - navigateToUrl("https://www.amazon.com/"): Navigate to 'https://www.amazon.com/' successfully

31-01-2024T17:56:53 - [MESSAGE][PASSED] - Navigate to 'https://www.amazon.com/' successfully

31-01-2024T17:56:53 - [TEST_STEP][PASSED] - refresh(): Refresh successfully

31-01-2024T17:56:54 - [MESSAGE][PASSED] - Refresh successfully

31-01-2024T17:56:54 - [TEST_STEP][PASSED] - delay(10): Delayed 10 second(s)

31-01-2024T17:57:04 - [MESSAGE][PASSED] - Delayed 10 second(s)

31-01-2024T17:57:04 - [TEST_STEP][PASSED] - selectOptionByLabel(findTestObject("SearchField/Validate_SearchField/SearchField_OR_002/All_Departments"), category, true): All options with label 'Home & Kitchen' are selected in object 'Object Repository/SearchField/Validate_SearchField/SearchField_OR_002/All_Departments'  using regular expression

31-01-2024T17:57:05 - [MESSAGE][PASSED] - All options with label 'Home & Kitchen' are selected in object 'Object Repository/SearchField/Validate_SearchField/SearchField_OR_002/All_Departments'  using regular expression

31-01-2024T17:57:05 - [TEST_STEP][PASSED] - delay(10): Delayed 10 second(s)

31-01-2024T17:57:15 - [MESSAGE][PASSED] - Delayed 10 second(s)

31-01-2024T17:57:15 - [TEST_STEP][PASSED] - setText(findTestObject("SearchField/Validate_SearchField/SearchField_OR_002/Search_txt_field"), item): Text ' Furniture' is set on object 'Object Repository/SearchField/Validate_SearchField/SearchField_OR_002/Search_txt_field'

31-01-2024T17:57:16 - [MESSAGE][PASSED] - Text ' Furniture' is set on object 'Object Repository/SearchField/Validate_SearchField/SearchField_OR_002/Search_txt_field'

31-01-2024T17:57:16 - [TEST_STEP][PASSED] - click(findTestObject("SearchField/Validate_SearchField/SearchField_OR_002/iSearch_btn")): Object: 'Object Repository/SearchField/Validate_SearchField/SearchField_OR_002/iSearch_btn' is clicked on

31-01-2024T17:57:22 - [MESSAGE][PASSED] - Object: 'Object Repository/SearchField/Validate_SearchField/SearchField_OR_002/iSearch_btn' is clicked on]]></system-out>
         <system-err><![CDATA[]]></system-err>
      </testcase>
      <system-out><![CDATA[31-01-2024T17:54:20 - [TEST_SUITE][PASSED] - TS_LOGIN_SearchField: Test Cases/AmazonLogin_Page/TC_SearchField_002]]></system-out>
      <system-err><![CDATA[]]></system-err>
   </testsuite>
</testsuites>
