<?xml version="1.0" encoding="UTF-8"?>
<testsuites name="TS_Amazon_login_001" time="49.306" tests="1" failures="0" errors="0">
   <testsuite name="TS_Amazon_login_001" tests="1" failures="0" errors="0" time="49.306" skipped="0" timestamp="23-01-2024T20:50:26" hostname="TIRUM - Tiru43" id="Test Suites/TS_Amazon_login_001/TS_Amazon_login_001">
      <properties>
         <property name="deviceName" value=""/>
         <property name="devicePlatform" value=""/>
         <property name="logFolder" value="C:\\Users\\TIRUM\\git\\SI-GuidedProject-705242-1704854759\\Reports\\20240123_205022\\TS_Amazon_login_001\\TS_Amazon_login_001\\20240123_205022"/>
         <property name="logFiles" value="C:\\Users\\TIRUM\\git\\SI-GuidedProject-705242-1704854759\\Reports\\20240123_205022\\TS_Amazon_login_001\\TS_Amazon_login_001\\20240123_205022\\execution0.log"/>
         <property name="attachments" value=""/>
         <property name="hostName" value="TIRUM - Tiru43"/>
         <property name="os" value="Windows 11 64bit"/>
         <property name="katalonVersion" value="9.1.0.212"/>
         <property name="browser" value="Chrome 120.0.0.0"/>
         <property name="hostAddress" value="192.168.219.182"/>
         <property name="sessionId" value="7de4b0b5abb9db13ae972957823d97ac"/>
         <property name="seleniumVersion" value="3.141.59"/>
         <property name="proxyInformation" value="ProxyInformation { proxyOption=NO_PROXY, proxyServerType=HTTP, username=, password=********, proxyServerAddress=, proxyServerPort=0, executionList=&quot;&quot;, isApplyToDesiredCapabilities=true }"/>
         <property name="platform" value="Windows 11"/>
      </properties>
      <testcase name="Test Cases/DataDrivenTesting/DDT_Amazon_login_001" time="49.069" classname="Test Cases/DataDrivenTesting/DDT_Amazon_login_001" status="PASSED">
         <system-out><![CDATA[23-01-2024T20:50:27 - [TEST_CASE][PASSED] - Test Cases/DataDrivenTesting/DDT_Amazon_login_001: Test Cases/DataDrivenTesting/DDT_Amazon_login_001

23-01-2024T20:50:27 - [TEST_STEP][PASSED] - openBrowser(""): Browser is opened with url: ''

23-01-2024T20:50:27 - [MESSAGE][INFO] - Starting 'Chrome' driver

23-01-2024T20:50:27 - [MESSAGE][INFO] - Action delay is set to 0 milliseconds

23-01-2024T20:50:30 - [MESSAGE][PASSED] - Browser is opened with url: ''

23-01-2024T20:50:30 - [TEST_STEP][PASSED] - navigateToUrl("https://www.amazon.com/"): Navigate to 'https://www.amazon.com/' successfully

23-01-2024T20:50:33 - [MESSAGE][PASSED] - Navigate to 'https://www.amazon.com/' successfully

23-01-2024T20:50:33 - [TEST_STEP][PASSED] - click(findTestObject("Object Repository/DDT_Amazon_Login_001_OR/Page_Amazon.com. Spend less. Smile more/span_Hello, sign in")): Object: 'Object Repository/DDT_Amazon_Login_001_OR/Page_Amazon.com. Spend less. Smile more/span_Hello, sign in' is clicked on

23-01-2024T20:51:08 - [MESSAGE][PASSED] - Object: 'Object Repository/DDT_Amazon_Login_001_OR/Page_Amazon.com. Spend less. Smile more/span_Hello, sign in' is clicked on

23-01-2024T20:51:08 - [TEST_STEP][PASSED] - setText(findTestObject("Object Repository/DDT_Amazon_Login_001_OR/Page_Amazon Sign-In/input_email"), "tirumala1643@gmail.com"): Text 'tirumala1643@gmail.com' is set on object 'Object Repository/DDT_Amazon_Login_001_OR/Page_Amazon Sign-In/input_email'

23-01-2024T20:51:09 - [MESSAGE][PASSED] - Text 'tirumala1643@gmail.com' is set on object 'Object Repository/DDT_Amazon_Login_001_OR/Page_Amazon Sign-In/input_email'

23-01-2024T20:51:09 - [TEST_STEP][PASSED] - click(findTestObject("Object Repository/DDT_Amazon_Login_001_OR/Page_Amazon Sign-In/inputcontinue")): Object: 'Object Repository/DDT_Amazon_Login_001_OR/Page_Amazon Sign-In/inputcontinue' is clicked on

23-01-2024T20:51:14 - [MESSAGE][PASSED] - Object: 'Object Repository/DDT_Amazon_Login_001_OR/Page_Amazon Sign-In/inputcontinue' is clicked on

23-01-2024T20:51:14 - [TEST_STEP][PASSED] - setEncryptedText(findTestObject("Object Repository/DDT_Amazon_Login_001_OR/Page_Amazon Sign-In/input_password"), "zJunTcfE+7qVant9yaEiCw=="): Text ****** has been set on object 'Object Repository/DDT_Amazon_Login_001_OR/Page_Amazon Sign-In/input_password'

23-01-2024T20:51:15 - [MESSAGE][PASSED] - Text ****** has been set on object 'Object Repository/DDT_Amazon_Login_001_OR/Page_Amazon Sign-In/input_password'

23-01-2024T20:51:15 - [TEST_STEP][PASSED] - click(findTestObject("Object Repository/DDT_Amazon_Login_001_OR/Page_Amazon Sign-In/inputsignInSubmit")): Object: 'Object Repository/DDT_Amazon_Login_001_OR/Page_Amazon Sign-In/inputsignInSubmit' is clicked on

23-01-2024T20:51:15 - [MESSAGE][PASSED] - Object: 'Object Repository/DDT_Amazon_Login_001_OR/Page_Amazon Sign-In/inputsignInSubmit' is clicked on

23-01-2024T20:51:15 - [TEST_STEP][PASSED] - closeBrowser(): Browser is closed

23-01-2024T20:51:16 - [MESSAGE][PASSED] - Browser is closed]]></system-out>
         <system-err><![CDATA[]]></system-err>
      </testcase>
      <system-out><![CDATA[23-01-2024T20:50:26 - [TEST_SUITE][PASSED] - TS_Amazon_login_001: Test Cases/DataDrivenTesting/DDT_Amazon_login_001]]></system-out>
      <system-err><![CDATA[]]></system-err>
   </testsuite>
</testsuites>
